2021-07-29 14:38:28,598:INFO: Initializing train dataset
2021-07-29 14:38:33,746:INFO: Initializing val dataset
2021-07-29 14:38:40,512:INFO: Epoch: [0][ 0/44]	Loss 5.711065 (5.711065)
2021-07-29 14:38:40,943:INFO: Epoch: [0][10/44]	Loss 9.366663 (7.601220)
2021-07-29 14:38:41,391:INFO: Epoch: [0][20/44]	Loss 2.225089 (5.472449)
2021-07-29 14:38:41,866:INFO: Epoch: [0][30/44]	Loss 2.011390 (3.052620)
2021-07-29 14:38:42,347:INFO: Epoch: [0][40/44]	Loss 1.250123 (2.583021)
2021-07-29 14:38:42,888:INFO: Epoch: [1][ 0/44]	Loss 1.508828 (1.508828)
2021-07-29 14:38:43,392:INFO: Epoch: [1][10/44]	Loss 1.330654 (1.528412)
2021-07-29 14:38:43,907:INFO: Epoch: [1][20/44]	Loss 0.555569 (1.087318)
2021-07-29 14:38:44,451:INFO: Epoch: [1][30/44]	Loss 0.556824 (0.712516)
2021-07-29 14:38:44,975:INFO: Epoch: [1][40/44]	Loss 0.404960 (0.636262)
2021-07-29 14:38:45,519:INFO: Epoch: [2][ 0/44]	Loss 0.453582 (0.453582)
2021-07-29 14:38:45,955:INFO: Epoch: [2][10/44]	Loss 0.469848 (0.472589)
2021-07-29 14:38:46,402:INFO: Epoch: [2][20/44]	Loss 0.240443 (0.372218)
2021-07-29 14:38:46,858:INFO: Epoch: [2][30/44]	Loss 0.220554 (0.284474)
2021-07-29 14:38:47,287:INFO: Epoch: [2][40/44]	Loss 0.211418 (0.266619)
2021-07-29 14:38:47,812:INFO: Epoch: [3][ 0/44]	Loss 0.228646 (0.228646)
2021-07-29 14:38:48,246:INFO: Epoch: [3][10/44]	Loss 0.243829 (0.232951)
2021-07-29 14:38:48,727:INFO: Epoch: [3][20/44]	Loss 0.151409 (0.199625)
2021-07-29 14:38:49,231:INFO: Epoch: [3][30/44]	Loss 0.141546 (0.166136)
2021-07-29 14:38:49,694:INFO: Epoch: [3][40/44]	Loss 0.130156 (0.157915)
2021-07-29 14:38:50,227:INFO: Epoch: [4][ 0/44]	Loss 0.137430 (0.137430)
2021-07-29 14:38:50,712:INFO: Epoch: [4][10/44]	Loss 0.149953 (0.146318)
2021-07-29 14:38:51,202:INFO: Epoch: [4][20/44]	Loss 0.111145 (0.136402)
2021-07-29 14:38:51,702:INFO: Epoch: [4][30/44]	Loss 0.105819 (0.118315)
2021-07-29 14:38:52,189:INFO: Epoch: [4][40/44]	Loss 0.096068 (0.113492)
2021-07-29 14:38:52,738:INFO: Epoch: [5][ 0/44]	Loss 0.096761 (0.096761)
2021-07-29 14:38:53,194:INFO: Epoch: [5][10/44]	Loss 0.117184 (0.107949)
2021-07-29 14:38:53,650:INFO: Epoch: [5][20/44]	Loss 0.088000 (0.103051)
2021-07-29 14:38:54,146:INFO: Epoch: [5][30/44]	Loss 0.090211 (0.090014)
2021-07-29 14:38:54,629:INFO: Epoch: [5][40/44]	Loss 0.079188 (0.086774)
2021-07-29 14:38:55,186:INFO: Epoch: [6][ 0/44]	Loss 0.080909 (0.080909)
2021-07-29 14:38:55,664:INFO: Epoch: [6][10/44]	Loss 0.097123 (0.086933)
2021-07-29 14:38:56,149:INFO: Epoch: [6][20/44]	Loss 0.076423 (0.084099)
2021-07-29 14:38:56,644:INFO: Epoch: [6][30/44]	Loss 0.068371 (0.074690)
2021-07-29 14:38:57,090:INFO: Epoch: [6][40/44]	Loss 0.056270 (0.071495)
2021-07-29 14:38:57,661:INFO: Epoch: [7][ 0/44]	Loss 0.063340 (0.063340)
2021-07-29 14:38:58,136:INFO: Epoch: [7][10/44]	Loss 0.082398 (0.073385)
2021-07-29 14:38:58,622:INFO: Epoch: [7][20/44]	Loss 0.057600 (0.070970)
2021-07-29 14:38:59,122:INFO: Epoch: [7][30/44]	Loss 0.050637 (0.061634)
2021-07-29 14:38:59,609:INFO: Epoch: [7][40/44]	Loss 0.049369 (0.058775)
2021-07-29 14:39:00,159:INFO: Epoch: [8][ 0/44]	Loss 0.052040 (0.052040)
2021-07-29 14:39:00,642:INFO: Epoch: [8][10/44]	Loss 0.075742 (0.062696)
2021-07-29 14:39:01,113:INFO: Epoch: [8][20/44]	Loss 0.055643 (0.062487)
2021-07-29 14:39:01,602:INFO: Epoch: [8][30/44]	Loss 0.047924 (0.054871)
2021-07-29 14:39:02,086:INFO: Epoch: [8][40/44]	Loss 0.045126 (0.052362)
2021-07-29 14:39:02,648:INFO: Epoch: [9][ 0/44]	Loss 0.047304 (0.047304)
2021-07-29 14:39:03,104:INFO: Epoch: [9][10/44]	Loss 0.063191 (0.057242)
2021-07-29 14:39:03,558:INFO: Epoch: [9][20/44]	Loss 0.047101 (0.055898)
2021-07-29 14:39:04,031:INFO: Epoch: [9][30/44]	Loss 0.041821 (0.048390)
2021-07-29 14:39:04,475:INFO: Epoch: [9][40/44]	Loss 0.036684 (0.045358)
2021-07-29 14:39:05,025:INFO: Epoch: [10][ 0/44]	Loss 0.034387 (0.034387)
2021-07-29 14:39:05,510:INFO: Epoch: [10][10/44]	Loss 0.067320 (0.049907)
2021-07-29 14:39:05,999:INFO: Epoch: [10][20/44]	Loss 0.041974 (0.048780)
2021-07-29 14:39:06,501:INFO: Epoch: [10][30/44]	Loss 0.032284 (0.041156)
2021-07-29 14:39:06,987:INFO: Epoch: [10][40/44]	Loss 0.032307 (0.038937)
2021-07-29 14:39:07,543:INFO: Epoch: [11][ 0/44]	Loss 0.030555 (0.030555)
2021-07-29 14:39:08,048:INFO: Epoch: [11][10/44]	Loss 0.066671 (0.045960)
2021-07-29 14:39:08,531:INFO: Epoch: [11][20/44]	Loss 0.040056 (0.045401)
2021-07-29 14:39:09,036:INFO: Epoch: [11][30/44]	Loss 0.030903 (0.038610)
2021-07-29 14:39:09,521:INFO: Epoch: [11][40/44]	Loss 0.029858 (0.036113)
2021-07-29 14:39:10,072:INFO: Epoch: [12][ 0/44]	Loss 0.029061 (0.029061)
2021-07-29 14:39:10,562:INFO: Epoch: [12][10/44]	Loss 0.070181 (0.047093)
2021-07-29 14:39:11,012:INFO: Epoch: [12][20/44]	Loss 0.035771 (0.044377)
2021-07-29 14:39:11,474:INFO: Epoch: [12][30/44]	Loss 0.025496 (0.035935)
2021-07-29 14:39:11,930:INFO: Epoch: [12][40/44]	Loss 0.028241 (0.033287)
2021-07-29 14:39:12,485:INFO: Epoch: [13][ 0/44]	Loss 0.027805 (0.027805)
2021-07-29 14:39:12,934:INFO: Epoch: [13][10/44]	Loss 0.063583 (0.044845)
2021-07-29 14:39:13,410:INFO: Epoch: [13][20/44]	Loss 0.035657 (0.042472)
2021-07-29 14:39:13,880:INFO: Epoch: [13][30/44]	Loss 0.026240 (0.034445)
2021-07-29 14:39:14,324:INFO: Epoch: [13][40/44]	Loss 0.025904 (0.031624)
2021-07-29 14:39:14,848:INFO: Epoch: [14][ 0/44]	Loss 0.023690 (0.023690)
2021-07-29 14:39:15,341:INFO: Epoch: [14][10/44]	Loss 0.062676 (0.043892)
2021-07-29 14:39:15,825:INFO: Epoch: [14][20/44]	Loss 0.033058 (0.041136)
2021-07-29 14:39:16,323:INFO: Epoch: [14][30/44]	Loss 0.022428 (0.033059)
2021-07-29 14:39:16,801:INFO: Epoch: [14][40/44]	Loss 0.023841 (0.030099)
2021-07-29 14:39:17,342:INFO: Epoch: [15][ 0/44]	Loss 0.021882 (0.021882)
2021-07-29 14:39:17,823:INFO: Epoch: [15][10/44]	Loss 0.060897 (0.041370)
2021-07-29 14:39:18,305:INFO: Epoch: [15][20/44]	Loss 0.030286 (0.039007)
2021-07-29 14:39:18,841:INFO: Epoch: [15][30/44]	Loss 0.019755 (0.030683)
2021-07-29 14:39:19,365:INFO: Epoch: [15][40/44]	Loss 0.023376 (0.027983)
2021-07-29 14:39:19,904:INFO: Epoch: [16][ 0/44]	Loss 0.020687 (0.020687)
2021-07-29 14:39:20,377:INFO: Epoch: [16][10/44]	Loss 0.069486 (0.042651)
2021-07-29 14:39:20,842:INFO: Epoch: [16][20/44]	Loss 0.032521 (0.040489)
2021-07-29 14:39:21,323:INFO: Epoch: [16][30/44]	Loss 0.019445 (0.031693)
2021-07-29 14:39:21,804:INFO: Epoch: [16][40/44]	Loss 0.023287 (0.028401)
2021-07-29 14:39:22,346:INFO: Epoch: [17][ 0/44]	Loss 0.018126 (0.018126)
2021-07-29 14:39:22,809:INFO: Epoch: [17][10/44]	Loss 0.062939 (0.040707)
2021-07-29 14:39:23,315:INFO: Epoch: [17][20/44]	Loss 0.030789 (0.038674)
2021-07-29 14:39:23,857:INFO: Epoch: [17][30/44]	Loss 0.017187 (0.029665)
2021-07-29 14:39:24,342:INFO: Epoch: [17][40/44]	Loss 0.020371 (0.026477)
2021-07-29 14:39:24,894:INFO: Epoch: [18][ 0/44]	Loss 0.019761 (0.019761)
2021-07-29 14:39:25,364:INFO: Epoch: [18][10/44]	Loss 0.061720 (0.037100)
2021-07-29 14:39:25,859:INFO: Epoch: [18][20/44]	Loss 0.026917 (0.034990)
2021-07-29 14:39:26,364:INFO: Epoch: [18][30/44]	Loss 0.015594 (0.026617)
2021-07-29 14:39:26,845:INFO: Epoch: [18][40/44]	Loss 0.018383 (0.023882)
2021-07-29 14:39:27,415:INFO: Epoch: [19][ 0/44]	Loss 0.017173 (0.017173)
2021-07-29 14:39:27,894:INFO: Epoch: [19][10/44]	Loss 0.060411 (0.036029)
2021-07-29 14:39:28,385:INFO: Epoch: [19][20/44]	Loss 0.025605 (0.033198)
2021-07-29 14:39:28,897:INFO: Epoch: [19][30/44]	Loss 0.015231 (0.025233)
2021-07-29 14:39:29,377:INFO: Epoch: [19][40/44]	Loss 0.018018 (0.022729)
2021-07-29 14:39:29,938:INFO: Epoch: [20][ 0/44]	Loss 0.018209 (0.018209)
2021-07-29 14:39:30,438:INFO: Epoch: [20][10/44]	Loss 0.057032 (0.036348)
2021-07-29 14:39:30,989:INFO: Epoch: [20][20/44]	Loss 0.026367 (0.034067)
2021-07-29 14:39:31,551:INFO: Epoch: [20][30/44]	Loss 0.013298 (0.025494)
2021-07-29 14:39:32,041:INFO: Epoch: [20][40/44]	Loss 0.017582 (0.022630)
2021-07-29 14:39:32,590:INFO: Epoch: [21][ 0/44]	Loss 0.015387 (0.015387)
2021-07-29 14:39:33,064:INFO: Epoch: [21][10/44]	Loss 0.062608 (0.037602)
2021-07-29 14:39:33,556:INFO: Epoch: [21][20/44]	Loss 0.023734 (0.033787)
2021-07-29 14:39:34,071:INFO: Epoch: [21][30/44]	Loss 0.013384 (0.024564)
2021-07-29 14:39:34,553:INFO: Epoch: [21][40/44]	Loss 0.016401 (0.021637)
2021-07-29 14:39:35,115:INFO: Epoch: [22][ 0/44]	Loss 0.016493 (0.016493)
2021-07-29 14:39:35,598:INFO: Epoch: [22][10/44]	Loss 0.059379 (0.033972)
2021-07-29 14:39:36,082:INFO: Epoch: [22][20/44]	Loss 0.023401 (0.031000)
2021-07-29 14:39:36,617:INFO: Epoch: [22][30/44]	Loss 0.012443 (0.022993)
2021-07-29 14:39:37,073:INFO: Epoch: [22][40/44]	Loss 0.015666 (0.020335)
2021-07-29 14:39:37,614:INFO: Epoch: [23][ 0/44]	Loss 0.015739 (0.015739)
2021-07-29 14:39:38,080:INFO: Epoch: [23][10/44]	Loss 0.058933 (0.033803)
2021-07-29 14:39:38,552:INFO: Epoch: [23][20/44]	Loss 0.021607 (0.030105)
2021-07-29 14:39:39,008:INFO: Epoch: [23][30/44]	Loss 0.011945 (0.021503)
2021-07-29 14:39:39,454:INFO: Epoch: [23][40/44]	Loss 0.014175 (0.019043)
2021-07-29 14:39:39,978:INFO: Epoch: [24][ 0/44]	Loss 0.014333 (0.014333)
2021-07-29 14:39:40,463:INFO: Epoch: [24][10/44]	Loss 0.049411 (0.031707)
2021-07-29 14:39:40,946:INFO: Epoch: [24][20/44]	Loss 0.018863 (0.027672)
2021-07-29 14:39:41,456:INFO: Epoch: [24][30/44]	Loss 0.011241 (0.020129)
2021-07-29 14:39:41,940:INFO: Epoch: [24][40/44]	Loss 0.013577 (0.017827)
2021-07-29 14:39:42,495:INFO: Epoch: [25][ 0/44]	Loss 0.013848 (0.013848)
2021-07-29 14:39:42,957:INFO: Epoch: [25][10/44]	Loss 0.048462 (0.030911)
2021-07-29 14:39:43,407:INFO: Epoch: [25][20/44]	Loss 0.019846 (0.027769)
2021-07-29 14:39:43,873:INFO: Epoch: [25][30/44]	Loss 0.011039 (0.019903)
2021-07-29 14:39:44,319:INFO: Epoch: [25][40/44]	Loss 0.013393 (0.017566)
2021-07-29 14:39:44,863:INFO: Epoch: [26][ 0/44]	Loss 0.012809 (0.012809)
2021-07-29 14:39:45,368:INFO: Epoch: [26][10/44]	Loss 0.046237 (0.029201)
2021-07-29 14:39:45,864:INFO: Epoch: [26][20/44]	Loss 0.020096 (0.026499)
2021-07-29 14:39:46,362:INFO: Epoch: [26][30/44]	Loss 0.010073 (0.018852)
2021-07-29 14:39:46,840:INFO: Epoch: [26][40/44]	Loss 0.012608 (0.016607)
2021-07-29 14:39:47,410:INFO: Epoch: [27][ 0/44]	Loss 0.013591 (0.013591)
2021-07-29 14:39:47,882:INFO: Epoch: [27][10/44]	Loss 0.049042 (0.029639)
2021-07-29 14:39:48,370:INFO: Epoch: [27][20/44]	Loss 0.019695 (0.026028)
2021-07-29 14:39:48,870:INFO: Epoch: [27][30/44]	Loss 0.010496 (0.018754)
2021-07-29 14:39:49,349:INFO: Epoch: [27][40/44]	Loss 0.012437 (0.016482)
2021-07-29 14:39:49,894:INFO: Epoch: [28][ 0/44]	Loss 0.012272 (0.012272)
2021-07-29 14:39:50,369:INFO: Epoch: [28][10/44]	Loss 0.042061 (0.027952)
2021-07-29 14:39:50,854:INFO: Epoch: [28][20/44]	Loss 0.019174 (0.024675)
2021-07-29 14:39:51,314:INFO: Epoch: [28][30/44]	Loss 0.009957 (0.017350)
2021-07-29 14:39:51,761:INFO: Epoch: [28][40/44]	Loss 0.010519 (0.015158)
2021-07-29 14:39:52,296:INFO: Epoch: [29][ 0/44]	Loss 0.012095 (0.012095)
2021-07-29 14:39:52,776:INFO: Epoch: [29][10/44]	Loss 0.040037 (0.025641)
2021-07-29 14:39:53,257:INFO: Epoch: [29][20/44]	Loss 0.017102 (0.022562)
2021-07-29 14:39:53,754:INFO: Epoch: [29][30/44]	Loss 0.009246 (0.016059)
2021-07-29 14:39:54,232:INFO: Epoch: [29][40/44]	Loss 0.010560 (0.014269)
2021-07-29 14:39:54,791:INFO: Epoch: [30][ 0/44]	Loss 0.011297 (0.011297)
2021-07-29 14:39:55,268:INFO: Epoch: [30][10/44]	Loss 0.037480 (0.024393)
2021-07-29 14:39:55,755:INFO: Epoch: [30][20/44]	Loss 0.017696 (0.022048)
2021-07-29 14:39:56,258:INFO: Epoch: [30][30/44]	Loss 0.008574 (0.015583)
2021-07-29 14:39:56,741:INFO: Epoch: [30][40/44]	Loss 0.009390 (0.013592)
2021-07-29 14:39:57,284:INFO: Epoch: [31][ 0/44]	Loss 0.011353 (0.011353)
2021-07-29 14:39:57,752:INFO: Epoch: [31][10/44]	Loss 0.034954 (0.022095)
2021-07-29 14:39:58,205:INFO: Epoch: [31][20/44]	Loss 0.015462 (0.019719)
2021-07-29 14:39:58,671:INFO: Epoch: [31][30/44]	Loss 0.007998 (0.013865)
2021-07-29 14:39:59,125:INFO: Epoch: [31][40/44]	Loss 0.008598 (0.012250)
2021-07-29 14:39:59,681:INFO: Epoch: [32][ 0/44]	Loss 0.010055 (0.010055)
2021-07-29 14:40:00,126:INFO: Epoch: [32][10/44]	Loss 0.034738 (0.021116)
2021-07-29 14:40:00,593:INFO: Epoch: [32][20/44]	Loss 0.013825 (0.018357)
2021-07-29 14:40:01,090:INFO: Epoch: [32][30/44]	Loss 0.007702 (0.012907)
2021-07-29 14:40:01,589:INFO: Epoch: [32][40/44]	Loss 0.008446 (0.011471)
2021-07-29 14:40:02,149:INFO: Epoch: [33][ 0/44]	Loss 0.009046 (0.009046)
2021-07-29 14:40:02,631:INFO: Epoch: [33][10/44]	Loss 0.029428 (0.020402)
2021-07-29 14:40:03,100:INFO: Epoch: [33][20/44]	Loss 0.013744 (0.018230)
2021-07-29 14:40:03,591:INFO: Epoch: [33][30/44]	Loss 0.007388 (0.012962)
2021-07-29 14:40:04,069:INFO: Epoch: [33][40/44]	Loss 0.008428 (0.011487)
2021-07-29 14:40:04,615:INFO: Epoch: [34][ 0/44]	Loss 0.008660 (0.008660)
2021-07-29 14:40:05,088:INFO: Epoch: [34][10/44]	Loss 0.030838 (0.020135)
2021-07-29 14:40:05,568:INFO: Epoch: [34][20/44]	Loss 0.013692 (0.017839)
2021-07-29 14:40:06,065:INFO: Epoch: [34][30/44]	Loss 0.006905 (0.012542)
2021-07-29 14:40:06,538:INFO: Epoch: [34][40/44]	Loss 0.008016 (0.011069)
2021-07-29 14:40:07,087:INFO: Epoch: [35][ 0/44]	Loss 0.008340 (0.008340)
2021-07-29 14:40:07,534:INFO: Epoch: [35][10/44]	Loss 0.030049 (0.019419)
2021-07-29 14:40:08,014:INFO: Epoch: [35][20/44]	Loss 0.014230 (0.017483)
2021-07-29 14:40:08,523:INFO: Epoch: [35][30/44]	Loss 0.006436 (0.012254)
2021-07-29 14:40:09,025:INFO: Epoch: [35][40/44]	Loss 0.007858 (0.010808)
2021-07-29 14:40:09,558:INFO: Epoch: [36][ 0/44]	Loss 0.008519 (0.008519)
2021-07-29 14:40:10,056:INFO: Epoch: [36][10/44]	Loss 0.029970 (0.019052)
2021-07-29 14:40:10,567:INFO: Epoch: [36][20/44]	Loss 0.013634 (0.016979)
2021-07-29 14:40:11,086:INFO: Epoch: [36][30/44]	Loss 0.005865 (0.011638)
2021-07-29 14:40:11,577:INFO: Epoch: [36][40/44]	Loss 0.007637 (0.010281)
2021-07-29 14:40:12,119:INFO: Epoch: [37][ 0/44]	Loss 0.007570 (0.007570)
2021-07-29 14:40:12,592:INFO: Epoch: [37][10/44]	Loss 0.026596 (0.017389)
2021-07-29 14:40:13,078:INFO: Epoch: [37][20/44]	Loss 0.011516 (0.015240)
2021-07-29 14:40:13,569:INFO: Epoch: [37][30/44]	Loss 0.006146 (0.010511)
2021-07-29 14:40:14,013:INFO: Epoch: [37][40/44]	Loss 0.006916 (0.009370)
2021-07-29 14:40:14,553:INFO: Epoch: [38][ 0/44]	Loss 0.007638 (0.007638)
2021-07-29 14:40:15,036:INFO: Epoch: [38][10/44]	Loss 0.024819 (0.016632)
2021-07-29 14:40:15,552:INFO: Epoch: [38][20/44]	Loss 0.011585 (0.014965)
2021-07-29 14:40:16,056:INFO: Epoch: [38][30/44]	Loss 0.006039 (0.010494)
2021-07-29 14:40:16,537:INFO: Epoch: [38][40/44]	Loss 0.006996 (0.009326)
2021-07-29 14:40:17,086:INFO: Epoch: [39][ 0/44]	Loss 0.007188 (0.007188)
2021-07-29 14:40:17,564:INFO: Epoch: [39][10/44]	Loss 0.023817 (0.016107)
2021-07-29 14:40:18,050:INFO: Epoch: [39][20/44]	Loss 0.011177 (0.014332)
2021-07-29 14:40:18,522:INFO: Epoch: [39][30/44]	Loss 0.005694 (0.009972)
2021-07-29 14:40:18,966:INFO: Epoch: [39][40/44]	Loss 0.006787 (0.008906)
2021-07-29 14:40:19,481:INFO: Epoch: [40][ 0/44]	Loss 0.007392 (0.007392)
2021-07-29 14:40:19,923:INFO: Epoch: [40][10/44]	Loss 0.022454 (0.016094)
2021-07-29 14:40:20,397:INFO: Epoch: [40][20/44]	Loss 0.010316 (0.013855)
2021-07-29 14:40:20,903:INFO: Epoch: [40][30/44]	Loss 0.005150 (0.009533)
2021-07-29 14:40:21,427:INFO: Epoch: [40][40/44]	Loss 0.006203 (0.008461)
2021-07-29 14:40:21,971:INFO: Epoch: [41][ 0/44]	Loss 0.006482 (0.006482)
2021-07-29 14:40:22,449:INFO: Epoch: [41][10/44]	Loss 0.019676 (0.014844)
2021-07-29 14:40:22,930:INFO: Epoch: [41][20/44]	Loss 0.009944 (0.012830)
2021-07-29 14:40:23,424:INFO: Epoch: [41][30/44]	Loss 0.005055 (0.008927)
2021-07-29 14:40:23,901:INFO: Epoch: [41][40/44]	Loss 0.006201 (0.008047)
2021-07-29 14:40:24,441:INFO: Epoch: [42][ 0/44]	Loss 0.006837 (0.006837)
2021-07-29 14:40:24,922:INFO: Epoch: [42][10/44]	Loss 0.021127 (0.014698)
2021-07-29 14:40:25,410:INFO: Epoch: [42][20/44]	Loss 0.009555 (0.012729)
2021-07-29 14:40:25,929:INFO: Epoch: [42][30/44]	Loss 0.005014 (0.008992)
2021-07-29 14:40:26,389:INFO: Epoch: [42][40/44]	Loss 0.006108 (0.008010)
2021-07-29 14:40:26,923:INFO: Epoch: [43][ 0/44]	Loss 0.006353 (0.006353)
2021-07-29 14:40:27,443:INFO: Epoch: [43][10/44]	Loss 0.019587 (0.014076)
2021-07-29 14:40:27,958:INFO: Epoch: [43][20/44]	Loss 0.008097 (0.011874)
2021-07-29 14:40:28,486:INFO: Epoch: [43][30/44]	Loss 0.004752 (0.008214)
2021-07-29 14:40:29,000:INFO: Epoch: [43][40/44]	Loss 0.005667 (0.007435)
2021-07-29 14:40:29,544:INFO: Epoch: [44][ 0/44]	Loss 0.006544 (0.006544)
2021-07-29 14:40:29,997:INFO: Epoch: [44][10/44]	Loss 0.018582 (0.013766)
2021-07-29 14:40:30,446:INFO: Epoch: [44][20/44]	Loss 0.008258 (0.011736)
2021-07-29 14:40:30,908:INFO: Epoch: [44][30/44]	Loss 0.005026 (0.008113)
2021-07-29 14:40:31,369:INFO: Epoch: [44][40/44]	Loss 0.005758 (0.007293)
2021-07-29 14:40:31,906:INFO: Epoch: [45][ 0/44]	Loss 0.006698 (0.006698)
2021-07-29 14:40:32,381:INFO: Epoch: [45][10/44]	Loss 0.018127 (0.012799)
2021-07-29 14:40:32,862:INFO: Epoch: [45][20/44]	Loss 0.007472 (0.010774)
2021-07-29 14:40:33,358:INFO: Epoch: [45][30/44]	Loss 0.004548 (0.007502)
2021-07-29 14:40:33,837:INFO: Epoch: [45][40/44]	Loss 0.005404 (0.006806)
2021-07-29 14:40:34,379:INFO: Epoch: [46][ 0/44]	Loss 0.005923 (0.005923)
2021-07-29 14:40:34,852:INFO: Epoch: [46][10/44]	Loss 0.018469 (0.012835)
2021-07-29 14:40:35,333:INFO: Epoch: [46][20/44]	Loss 0.007582 (0.010806)
2021-07-29 14:40:35,826:INFO: Epoch: [46][30/44]	Loss 0.004592 (0.007543)
2021-07-29 14:40:36,308:INFO: Epoch: [46][40/44]	Loss 0.005881 (0.006841)
2021-07-29 14:40:36,848:INFO: Epoch: [47][ 0/44]	Loss 0.005340 (0.005340)
2021-07-29 14:40:37,324:INFO: Epoch: [47][10/44]	Loss 0.017345 (0.013164)
2021-07-29 14:40:37,819:INFO: Epoch: [47][20/44]	Loss 0.008191 (0.011202)
2021-07-29 14:40:38,296:INFO: Epoch: [47][30/44]	Loss 0.004304 (0.007838)
2021-07-29 14:40:38,748:INFO: Epoch: [47][40/44]	Loss 0.005519 (0.007006)
2021-07-29 14:40:39,294:INFO: Epoch: [48][ 0/44]	Loss 0.005089 (0.005089)
2021-07-29 14:40:39,765:INFO: Epoch: [48][10/44]	Loss 0.019149 (0.012641)
2021-07-29 14:40:40,245:INFO: Epoch: [48][20/44]	Loss 0.007498 (0.010625)
2021-07-29 14:40:40,754:INFO: Epoch: [48][30/44]	Loss 0.004582 (0.007376)
2021-07-29 14:40:41,233:INFO: Epoch: [48][40/44]	Loss 0.005388 (0.006622)
2021-07-29 14:40:41,781:INFO: Epoch: [49][ 0/44]	Loss 0.004886 (0.004886)
2021-07-29 14:40:42,226:INFO: Epoch: [49][10/44]	Loss 0.017732 (0.012220)
2021-07-29 14:40:42,675:INFO: Epoch: [49][20/44]	Loss 0.006793 (0.010264)
2021-07-29 14:40:43,134:INFO: Epoch: [49][30/44]	Loss 0.004216 (0.007079)
2021-07-29 14:40:43,598:INFO: Epoch: [49][40/44]	Loss 0.005191 (0.006354)
2021-07-29 14:40:44,202:INFO: Epoch: [50][ 0/44]	Loss 0.004700 (0.004700)
2021-07-29 14:40:44,684:INFO: Epoch: [50][10/44]	Loss 0.015174 (0.011936)
2021-07-29 14:40:45,172:INFO: Epoch: [50][20/44]	Loss 0.006330 (0.009987)
2021-07-29 14:40:45,673:INFO: Epoch: [50][30/44]	Loss 0.004379 (0.006999)
2021-07-29 14:40:46,152:INFO: Epoch: [50][40/44]	Loss 0.005221 (0.006317)
2021-07-29 14:40:46,697:INFO: Epoch: [51][ 0/44]	Loss 0.004523 (0.004523)
2021-07-29 14:40:47,173:INFO: Epoch: [51][10/44]	Loss 0.014706 (0.011826)
2021-07-29 14:40:47,658:INFO: Epoch: [51][20/44]	Loss 0.006597 (0.009922)
2021-07-29 14:40:48,153:INFO: Epoch: [51][30/44]	Loss 0.004335 (0.006893)
2021-07-29 14:40:48,632:INFO: Epoch: [51][40/44]	Loss 0.004676 (0.006162)
2021-07-29 14:40:49,172:INFO: Epoch: [52][ 0/44]	Loss 0.004295 (0.004295)
2021-07-29 14:40:49,643:INFO: Epoch: [52][10/44]	Loss 0.013814 (0.011143)
2021-07-29 14:40:50,131:INFO: Epoch: [52][20/44]	Loss 0.005746 (0.009318)
2021-07-29 14:40:50,685:INFO: Epoch: [52][30/44]	Loss 0.003929 (0.006475)
2021-07-29 14:40:51,240:INFO: Epoch: [52][40/44]	Loss 0.004766 (0.005887)
2021-07-29 14:40:51,822:INFO: Epoch: [53][ 0/44]	Loss 0.004825 (0.004825)
2021-07-29 14:40:52,366:INFO: Epoch: [53][10/44]	Loss 0.014032 (0.011562)
2021-07-29 14:40:52,951:INFO: Epoch: [53][20/44]	Loss 0.005498 (0.009732)
2021-07-29 14:40:53,458:INFO: Epoch: [53][30/44]	Loss 0.004465 (0.006626)
2021-07-29 14:40:53,966:INFO: Epoch: [53][40/44]	Loss 0.004583 (0.005949)
2021-07-29 14:40:54,551:INFO: Epoch: [54][ 0/44]	Loss 0.004274 (0.004274)
2021-07-29 14:40:55,026:INFO: Epoch: [54][10/44]	Loss 0.013269 (0.010812)
2021-07-29 14:40:55,505:INFO: Epoch: [54][20/44]	Loss 0.005260 (0.008880)
2021-07-29 14:40:55,995:INFO: Epoch: [54][30/44]	Loss 0.003782 (0.006027)
2021-07-29 14:40:56,473:INFO: Epoch: [54][40/44]	Loss 0.004228 (0.005447)
2021-07-29 14:40:57,015:INFO: Epoch: [55][ 0/44]	Loss 0.004191 (0.004191)
2021-07-29 14:40:57,504:INFO: Epoch: [55][10/44]	Loss 0.012978 (0.010174)
2021-07-29 14:40:58,020:INFO: Epoch: [55][20/44]	Loss 0.003856 (0.008092)
2021-07-29 14:40:58,554:INFO: Epoch: [55][30/44]	Loss 0.003307 (0.005424)
2021-07-29 14:40:59,063:INFO: Epoch: [55][40/44]	Loss 0.004055 (0.004964)
2021-07-29 14:40:59,653:INFO: Epoch: [56][ 0/44]	Loss 0.004118 (0.004118)
2021-07-29 14:41:00,148:INFO: Epoch: [56][10/44]	Loss 0.011600 (0.009766)
2021-07-29 14:41:00,658:INFO: Epoch: [56][20/44]	Loss 0.003589 (0.007823)
2021-07-29 14:41:01,114:INFO: Epoch: [56][30/44]	Loss 0.002874 (0.005316)
2021-07-29 14:41:01,554:INFO: Epoch: [56][40/44]	Loss 0.004006 (0.004888)
2021-07-29 14:41:02,068:INFO: Epoch: [57][ 0/44]	Loss 0.004099 (0.004099)
2021-07-29 14:41:02,581:INFO: Epoch: [57][10/44]	Loss 0.011470 (0.009587)
2021-07-29 14:41:03,078:INFO: Epoch: [57][20/44]	Loss 0.003512 (0.008098)
2021-07-29 14:41:03,568:INFO: Epoch: [57][30/44]	Loss 0.002996 (0.005501)
2021-07-29 14:41:04,045:INFO: Epoch: [57][40/44]	Loss 0.003715 (0.004992)
2021-07-29 14:41:04,580:INFO: Epoch: [58][ 0/44]	Loss 0.004041 (0.004041)
2021-07-29 14:41:05,057:INFO: Epoch: [58][10/44]	Loss 0.011297 (0.009478)
2021-07-29 14:41:05,538:INFO: Epoch: [58][20/44]	Loss 0.004387 (0.008096)
2021-07-29 14:41:06,038:INFO: Epoch: [58][30/44]	Loss 0.003031 (0.005525)
2021-07-29 14:41:06,517:INFO: Epoch: [58][40/44]	Loss 0.003653 (0.004955)
2021-07-29 14:41:07,067:INFO: Epoch: [59][ 0/44]	Loss 0.004163 (0.004163)
2021-07-29 14:41:07,550:INFO: Epoch: [59][10/44]	Loss 0.010704 (0.008895)
2021-07-29 14:41:08,030:INFO: Epoch: [59][20/44]	Loss 0.003011 (0.007249)
2021-07-29 14:41:08,543:INFO: Epoch: [59][30/44]	Loss 0.002648 (0.004736)
2021-07-29 14:41:09,041:INFO: Epoch: [59][40/44]	Loss 0.003101 (0.004280)
2021-07-29 14:41:09,572:INFO: Epoch: [60][ 0/44]	Loss 0.003615 (0.003615)
2021-07-29 14:41:10,012:INFO: Epoch: [60][10/44]	Loss 0.007760 (0.007458)
2021-07-29 14:41:10,482:INFO: Epoch: [60][20/44]	Loss 0.002541 (0.005876)
2021-07-29 14:41:10,978:INFO: Epoch: [60][30/44]	Loss 0.002181 (0.003898)
2021-07-29 14:41:11,462:INFO: Epoch: [60][40/44]	Loss 0.002617 (0.003620)
2021-07-29 14:41:12,008:INFO: Epoch: [61][ 0/44]	Loss 0.003753 (0.003753)
2021-07-29 14:41:12,446:INFO: Epoch: [61][10/44]	Loss 0.007196 (0.006580)
2021-07-29 14:41:12,896:INFO: Epoch: [61][20/44]	Loss 0.002506 (0.005389)
2021-07-29 14:41:13,357:INFO: Epoch: [61][30/44]	Loss 0.002084 (0.003629)
2021-07-29 14:41:13,820:INFO: Epoch: [61][40/44]	Loss 0.002360 (0.003348)
2021-07-29 14:41:14,362:INFO: Epoch: [62][ 0/44]	Loss 0.003376 (0.003376)
2021-07-29 14:41:14,806:INFO: Epoch: [62][10/44]	Loss 0.006258 (0.005620)
2021-07-29 14:41:15,290:INFO: Epoch: [62][20/44]	Loss 0.002583 (0.005003)
2021-07-29 14:41:15,754:INFO: Epoch: [62][30/44]	Loss 0.002399 (0.003533)
2021-07-29 14:41:16,195:INFO: Epoch: [62][40/44]	Loss 0.002685 (0.003336)
2021-07-29 14:41:16,707:INFO: Epoch: [63][ 0/44]	Loss 0.003420 (0.003420)
2021-07-29 14:41:17,182:INFO: Epoch: [63][10/44]	Loss 0.005602 (0.005594)
2021-07-29 14:41:17,673:INFO: Epoch: [63][20/44]	Loss 0.002658 (0.005060)
2021-07-29 14:41:18,175:INFO: Epoch: [63][30/44]	Loss 0.002538 (0.003716)
2021-07-29 14:41:18,653:INFO: Epoch: [63][40/44]	Loss 0.003060 (0.003509)
2021-07-29 14:41:19,191:INFO: Epoch: [64][ 0/44]	Loss 0.003434 (0.003434)
2021-07-29 14:41:19,650:INFO: Epoch: [64][10/44]	Loss 0.004673 (0.004927)
2021-07-29 14:41:20,125:INFO: Epoch: [64][20/44]	Loss 0.002559 (0.004833)
2021-07-29 14:41:20,627:INFO: Epoch: [64][30/44]	Loss 0.002154 (0.003497)
2021-07-29 14:41:21,109:INFO: Epoch: [64][40/44]	Loss 0.002444 (0.003238)
2021-07-29 14:41:21,655:INFO: Epoch: [65][ 0/44]	Loss 0.003940 (0.003940)
2021-07-29 14:41:22,139:INFO: Epoch: [65][10/44]	Loss 0.004903 (0.004711)
2021-07-29 14:41:22,630:INFO: Epoch: [65][20/44]	Loss 0.002429 (0.004651)
2021-07-29 14:41:23,133:INFO: Epoch: [65][30/44]	Loss 0.002458 (0.003416)
2021-07-29 14:41:23,617:INFO: Epoch: [65][40/44]	Loss 0.002591 (0.003207)
2021-07-29 14:41:24,149:INFO: Epoch: [66][ 0/44]	Loss 0.003332 (0.003332)
2021-07-29 14:41:24,590:INFO: Epoch: [66][10/44]	Loss 0.003978 (0.004341)
2021-07-29 14:41:25,039:INFO: Epoch: [66][20/44]	Loss 0.002359 (0.004152)
2021-07-29 14:41:25,504:INFO: Epoch: [66][30/44]	Loss 0.002078 (0.003064)
2021-07-29 14:41:26,050:INFO: Epoch: [66][40/44]	Loss 0.002320 (0.002908)
2021-07-29 14:41:26,610:INFO: Epoch: [67][ 0/44]	Loss 0.003137 (0.003137)
2021-07-29 14:41:27,054:INFO: Epoch: [67][10/44]	Loss 0.003585 (0.003958)
2021-07-29 14:41:27,505:INFO: Epoch: [67][20/44]	Loss 0.002418 (0.003910)
2021-07-29 14:41:27,965:INFO: Epoch: [67][30/44]	Loss 0.002371 (0.002964)
2021-07-29 14:41:28,414:INFO: Epoch: [67][40/44]	Loss 0.002622 (0.002849)
2021-07-29 14:41:28,951:INFO: Epoch: [68][ 0/44]	Loss 0.002822 (0.002822)
2021-07-29 14:41:29,426:INFO: Epoch: [68][10/44]	Loss 0.003898 (0.004185)
2021-07-29 14:41:29,914:INFO: Epoch: [68][20/44]	Loss 0.002170 (0.004121)
2021-07-29 14:41:30,410:INFO: Epoch: [68][30/44]	Loss 0.002447 (0.003169)
2021-07-29 14:41:30,896:INFO: Epoch: [68][40/44]	Loss 0.003051 (0.003076)
2021-07-29 14:41:31,445:INFO: Epoch: [69][ 0/44]	Loss 0.002898 (0.002898)
2021-07-29 14:41:31,888:INFO: Epoch: [69][10/44]	Loss 0.003056 (0.004081)
2021-07-29 14:41:32,334:INFO: Epoch: [69][20/44]	Loss 0.002343 (0.003892)
2021-07-29 14:41:32,804:INFO: Epoch: [69][30/44]	Loss 0.002691 (0.003032)
2021-07-29 14:41:33,302:INFO: Epoch: [69][40/44]	Loss 0.002919 (0.002938)
2021-07-29 14:41:33,867:INFO: Epoch: [70][ 0/44]	Loss 0.002888 (0.002888)
2021-07-29 14:41:34,313:INFO: Epoch: [70][10/44]	Loss 0.003517 (0.004057)
2021-07-29 14:41:34,766:INFO: Epoch: [70][20/44]	Loss 0.002312 (0.003992)
2021-07-29 14:41:35,242:INFO: Epoch: [70][30/44]	Loss 0.002537 (0.003100)
2021-07-29 14:41:35,750:INFO: Epoch: [70][40/44]	Loss 0.002851 (0.002981)
2021-07-29 14:41:36,324:INFO: Epoch: [71][ 0/44]	Loss 0.002536 (0.002536)
2021-07-29 14:41:36,865:INFO: Epoch: [71][10/44]	Loss 0.002711 (0.003503)
2021-07-29 14:41:37,411:INFO: Epoch: [71][20/44]	Loss 0.002267 (0.003365)
2021-07-29 14:41:37,967:INFO: Epoch: [71][30/44]	Loss 0.002455 (0.002666)
2021-07-29 14:41:38,510:INFO: Epoch: [71][40/44]	Loss 0.002473 (0.002583)
2021-07-29 14:41:39,081:INFO: Epoch: [72][ 0/44]	Loss 0.002295 (0.002295)
2021-07-29 14:41:39,621:INFO: Epoch: [72][10/44]	Loss 0.002811 (0.003499)
2021-07-29 14:41:40,173:INFO: Epoch: [72][20/44]	Loss 0.002594 (0.003541)
2021-07-29 14:41:40,738:INFO: Epoch: [72][30/44]	Loss 0.003035 (0.002857)
2021-07-29 14:41:41,335:INFO: Epoch: [72][40/44]	Loss 0.002847 (0.002769)
2021-07-29 14:41:41,883:INFO: Epoch: [73][ 0/44]	Loss 0.002028 (0.002028)
2021-07-29 14:41:42,365:INFO: Epoch: [73][10/44]	Loss 0.002304 (0.002931)
2021-07-29 14:41:42,855:INFO: Epoch: [73][20/44]	Loss 0.002143 (0.002892)
2021-07-29 14:41:43,369:INFO: Epoch: [73][30/44]	Loss 0.002211 (0.002358)
2021-07-29 14:41:43,902:INFO: Epoch: [73][40/44]	Loss 0.002207 (0.002290)
2021-07-29 14:41:44,435:INFO: Epoch: [74][ 0/44]	Loss 0.001854 (0.001854)
2021-07-29 14:41:44,910:INFO: Epoch: [74][10/44]	Loss 0.002307 (0.002905)
2021-07-29 14:41:45,390:INFO: Epoch: [74][20/44]	Loss 0.002557 (0.003008)
2021-07-29 14:41:45,878:INFO: Epoch: [74][30/44]	Loss 0.002592 (0.002489)
2021-07-29 14:41:46,321:INFO: Epoch: [74][40/44]	Loss 0.002068 (0.002380)
2021-07-29 14:41:46,860:INFO: Epoch: [75][ 0/44]	Loss 0.001931 (0.001931)
2021-07-29 14:41:47,288:INFO: Epoch: [75][10/44]	Loss 0.002017 (0.002339)
2021-07-29 14:41:47,721:INFO: Epoch: [75][20/44]	Loss 0.002070 (0.002263)
2021-07-29 14:41:48,166:INFO: Epoch: [75][30/44]	Loss 0.001611 (0.001875)
2021-07-29 14:41:48,647:INFO: Epoch: [75][40/44]	Loss 0.001296 (0.001783)
2021-07-29 14:41:49,200:INFO: Epoch: [76][ 0/44]	Loss 0.001663 (0.001663)
2021-07-29 14:41:49,743:INFO: Epoch: [76][10/44]	Loss 0.001563 (0.001969)
2021-07-29 14:41:50,285:INFO: Epoch: [76][20/44]	Loss 0.001874 (0.001881)
2021-07-29 14:41:50,832:INFO: Epoch: [76][30/44]	Loss 0.001382 (0.001609)
2021-07-29 14:41:51,334:INFO: Epoch: [76][40/44]	Loss 0.001165 (0.001533)
2021-07-29 14:41:51,860:INFO: Epoch: [77][ 0/44]	Loss 0.001634 (0.001634)
2021-07-29 14:41:52,352:INFO: Epoch: [77][10/44]	Loss 0.001802 (0.001898)
2021-07-29 14:41:52,863:INFO: Epoch: [77][20/44]	Loss 0.001835 (0.001854)
2021-07-29 14:41:53,377:INFO: Epoch: [77][30/44]	Loss 0.001101 (0.001542)
2021-07-29 14:41:53,871:INFO: Epoch: [77][40/44]	Loss 0.001021 (0.001443)
2021-07-29 14:41:54,423:INFO: Epoch: [78][ 0/44]	Loss 0.001549 (0.001549)
2021-07-29 14:41:54,866:INFO: Epoch: [78][10/44]	Loss 0.001648 (0.001766)
2021-07-29 14:41:55,311:INFO: Epoch: [78][20/44]	Loss 0.002396 (0.001926)
2021-07-29 14:41:55,768:INFO: Epoch: [78][30/44]	Loss 0.001104 (0.001516)
2021-07-29 14:41:56,232:INFO: Epoch: [78][40/44]	Loss 0.001007 (0.001422)
2021-07-29 14:41:56,776:INFO: Epoch: [79][ 0/44]	Loss 0.001561 (0.001561)
2021-07-29 14:41:57,220:INFO: Epoch: [79][10/44]	Loss 0.001896 (0.001905)
2021-07-29 14:41:57,680:INFO: Epoch: [79][20/44]	Loss 0.002474 (0.002091)
2021-07-29 14:41:58,144:INFO: Epoch: [79][30/44]	Loss 0.001057 (0.001634)
2021-07-29 14:41:58,613:INFO: Epoch: [79][40/44]	Loss 0.000959 (0.001510)
2021-07-29 14:41:59,170:INFO: Epoch: [80][ 0/44]	Loss 0.001450 (0.001450)
2021-07-29 14:41:59,688:INFO: Epoch: [80][10/44]	Loss 0.001454 (0.001751)
2021-07-29 14:42:00,173:INFO: Epoch: [80][20/44]	Loss 0.001819 (0.001843)
2021-07-29 14:42:00,669:INFO: Epoch: [80][30/44]	Loss 0.001086 (0.001412)
2021-07-29 14:42:01,145:INFO: Epoch: [80][40/44]	Loss 0.000886 (0.001319)
2021-07-29 14:42:01,686:INFO: Epoch: [81][ 0/44]	Loss 0.001425 (0.001425)
2021-07-29 14:42:02,132:INFO: Epoch: [81][10/44]	Loss 0.001353 (0.001669)
2021-07-29 14:42:02,586:INFO: Epoch: [81][20/44]	Loss 0.001887 (0.001807)
2021-07-29 14:42:03,052:INFO: Epoch: [81][30/44]	Loss 0.001198 (0.001410)
2021-07-29 14:42:03,506:INFO: Epoch: [81][40/44]	Loss 0.000902 (0.001309)
2021-07-29 14:42:04,066:INFO: Epoch: [82][ 0/44]	Loss 0.001382 (0.001382)
2021-07-29 14:42:04,507:INFO: Epoch: [82][10/44]	Loss 0.001676 (0.001539)
2021-07-29 14:42:04,956:INFO: Epoch: [82][20/44]	Loss 0.001384 (0.001600)
2021-07-29 14:42:05,407:INFO: Epoch: [82][30/44]	Loss 0.000885 (0.001271)
2021-07-29 14:42:05,848:INFO: Epoch: [82][40/44]	Loss 0.000869 (0.001184)
2021-07-29 14:42:06,369:INFO: Epoch: [83][ 0/44]	Loss 0.001223 (0.001223)
2021-07-29 14:42:06,860:INFO: Epoch: [83][10/44]	Loss 0.001422 (0.001658)
2021-07-29 14:42:07,355:INFO: Epoch: [83][20/44]	Loss 0.001469 (0.001866)
2021-07-29 14:42:07,849:INFO: Epoch: [83][30/44]	Loss 0.000971 (0.001455)
2021-07-29 14:42:08,329:INFO: Epoch: [83][40/44]	Loss 0.000823 (0.001323)
2021-07-29 14:42:08,866:INFO: Epoch: [84][ 0/44]	Loss 0.001150 (0.001150)
2021-07-29 14:42:09,406:INFO: Epoch: [84][10/44]	Loss 0.001456 (0.001586)
2021-07-29 14:42:09,903:INFO: Epoch: [84][20/44]	Loss 0.001175 (0.001765)
2021-07-29 14:42:10,410:INFO: Epoch: [84][30/44]	Loss 0.000852 (0.001389)
2021-07-29 14:42:10,907:INFO: Epoch: [84][40/44]	Loss 0.000791 (0.001279)
2021-07-29 14:42:11,434:INFO: Epoch: [85][ 0/44]	Loss 0.001228 (0.001228)
2021-07-29 14:42:11,882:INFO: Epoch: [85][10/44]	Loss 0.001319 (0.001470)
2021-07-29 14:42:12,361:INFO: Epoch: [85][20/44]	Loss 0.001216 (0.001622)
2021-07-29 14:42:12,850:INFO: Epoch: [85][30/44]	Loss 0.000722 (0.001256)
2021-07-29 14:42:13,329:INFO: Epoch: [85][40/44]	Loss 0.000790 (0.001187)
2021-07-29 14:42:13,879:INFO: Epoch: [86][ 0/44]	Loss 0.001025 (0.001025)
2021-07-29 14:42:14,368:INFO: Epoch: [86][10/44]	Loss 0.001118 (0.001341)
2021-07-29 14:42:14,845:INFO: Epoch: [86][20/44]	Loss 0.000994 (0.001413)
2021-07-29 14:42:15,353:INFO: Epoch: [86][30/44]	Loss 0.000805 (0.001086)
2021-07-29 14:42:15,845:INFO: Epoch: [86][40/44]	Loss 0.000766 (0.001048)
2021-07-29 14:42:16,400:INFO: Epoch: [87][ 0/44]	Loss 0.000997 (0.000997)
2021-07-29 14:42:16,873:INFO: Epoch: [87][10/44]	Loss 0.001027 (0.001125)
2021-07-29 14:42:17,354:INFO: Epoch: [87][20/44]	Loss 0.000993 (0.001107)
2021-07-29 14:42:17,848:INFO: Epoch: [87][30/44]	Loss 0.000723 (0.000889)
2021-07-29 14:42:18,329:INFO: Epoch: [87][40/44]	Loss 0.000677 (0.000861)
2021-07-29 14:42:18,884:INFO: Epoch: [88][ 0/44]	Loss 0.000864 (0.000864)
2021-07-29 14:42:19,360:INFO: Epoch: [88][10/44]	Loss 0.001159 (0.001102)
2021-07-29 14:42:19,842:INFO: Epoch: [88][20/44]	Loss 0.000863 (0.001041)
2021-07-29 14:42:20,334:INFO: Epoch: [88][30/44]	Loss 0.000693 (0.000832)
2021-07-29 14:42:20,813:INFO: Epoch: [88][40/44]	Loss 0.000613 (0.000825)
2021-07-29 14:42:21,356:INFO: Epoch: [89][ 0/44]	Loss 0.000941 (0.000941)
2021-07-29 14:42:21,861:INFO: Epoch: [89][10/44]	Loss 0.001152 (0.001272)
2021-07-29 14:42:22,395:INFO: Epoch: [89][20/44]	Loss 0.000974 (0.001147)
2021-07-29 14:42:22,934:INFO: Epoch: [89][30/44]	Loss 0.000718 (0.000894)
2021-07-29 14:42:23,441:INFO: Epoch: [89][40/44]	Loss 0.000635 (0.000859)
2021-07-29 14:42:24,007:INFO: Epoch: [90][ 0/44]	Loss 0.000971 (0.000971)
2021-07-29 14:42:24,453:INFO: Epoch: [90][10/44]	Loss 0.001186 (0.001367)
2021-07-29 14:42:24,905:INFO: Epoch: [90][20/44]	Loss 0.000908 (0.001139)
2021-07-29 14:42:25,418:INFO: Epoch: [90][30/44]	Loss 0.000640 (0.000850)
2021-07-29 14:42:25,862:INFO: Epoch: [90][40/44]	Loss 0.000579 (0.000818)
2021-07-29 14:42:26,389:INFO: Epoch: [91][ 0/44]	Loss 0.000860 (0.000860)
2021-07-29 14:42:26,881:INFO: Epoch: [91][10/44]	Loss 0.001014 (0.001032)
2021-07-29 14:42:27,380:INFO: Epoch: [91][20/44]	Loss 0.000776 (0.000948)
2021-07-29 14:42:27,886:INFO: Epoch: [91][30/44]	Loss 0.000635 (0.000751)
2021-07-29 14:42:28,405:INFO: Epoch: [91][40/44]	Loss 0.000572 (0.000735)
2021-07-29 14:42:28,953:INFO: Epoch: [92][ 0/44]	Loss 0.000770 (0.000770)
2021-07-29 14:42:29,469:INFO: Epoch: [92][10/44]	Loss 0.000777 (0.000959)
2021-07-29 14:42:30,005:INFO: Epoch: [92][20/44]	Loss 0.000765 (0.000881)
2021-07-29 14:42:30,526:INFO: Epoch: [92][30/44]	Loss 0.000694 (0.000727)
2021-07-29 14:42:31,054:INFO: Epoch: [92][40/44]	Loss 0.000591 (0.000720)
2021-07-29 14:42:31,601:INFO: Epoch: [93][ 0/44]	Loss 0.000783 (0.000783)
2021-07-29 14:42:32,093:INFO: Epoch: [93][10/44]	Loss 0.000911 (0.001043)
2021-07-29 14:42:32,595:INFO: Epoch: [93][20/44]	Loss 0.000836 (0.000951)
2021-07-29 14:42:33,102:INFO: Epoch: [93][30/44]	Loss 0.000945 (0.000756)
2021-07-29 14:42:33,554:INFO: Epoch: [93][40/44]	Loss 0.000599 (0.000733)
2021-07-29 14:42:34,117:INFO: Epoch: [94][ 0/44]	Loss 0.000730 (0.000730)
2021-07-29 14:42:34,576:INFO: Epoch: [94][10/44]	Loss 0.000669 (0.000865)
2021-07-29 14:42:35,022:INFO: Epoch: [94][20/44]	Loss 0.000702 (0.000802)
2021-07-29 14:42:35,480:INFO: Epoch: [94][30/44]	Loss 0.000697 (0.000673)
2021-07-29 14:42:35,931:INFO: Epoch: [94][40/44]	Loss 0.000530 (0.000660)
2021-07-29 14:42:36,474:INFO: Epoch: [95][ 0/44]	Loss 0.000778 (0.000778)
2021-07-29 14:42:36,914:INFO: Epoch: [95][10/44]	Loss 0.000712 (0.000916)
2021-07-29 14:42:37,398:INFO: Epoch: [95][20/44]	Loss 0.000737 (0.000822)
2021-07-29 14:42:37,900:INFO: Epoch: [95][30/44]	Loss 0.001146 (0.000681)
2021-07-29 14:42:38,385:INFO: Epoch: [95][40/44]	Loss 0.000557 (0.000684)
2021-07-29 14:42:38,938:INFO: Epoch: [96][ 0/44]	Loss 0.000899 (0.000899)
2021-07-29 14:42:39,416:INFO: Epoch: [96][10/44]	Loss 0.000825 (0.001032)
2021-07-29 14:42:39,903:INFO: Epoch: [96][20/44]	Loss 0.000674 (0.000911)
2021-07-29 14:42:40,371:INFO: Epoch: [96][30/44]	Loss 0.000741 (0.000729)
2021-07-29 14:42:40,938:INFO: Epoch: [96][40/44]	Loss 0.000569 (0.000713)
2021-07-29 14:42:41,475:INFO: Epoch: [97][ 0/44]	Loss 0.000625 (0.000625)
2021-07-29 14:42:41,925:INFO: Epoch: [97][10/44]	Loss 0.000657 (0.000711)
2021-07-29 14:42:42,378:INFO: Epoch: [97][20/44]	Loss 0.000754 (0.000734)
2021-07-29 14:42:42,840:INFO: Epoch: [97][30/44]	Loss 0.000644 (0.000646)
2021-07-29 14:42:43,286:INFO: Epoch: [97][40/44]	Loss 0.000507 (0.000631)
2021-07-29 14:42:43,831:INFO: Epoch: [98][ 0/44]	Loss 0.000856 (0.000856)
2021-07-29 14:42:44,325:INFO: Epoch: [98][10/44]	Loss 0.000808 (0.001129)
2021-07-29 14:42:44,819:INFO: Epoch: [98][20/44]	Loss 0.000699 (0.001074)
2021-07-29 14:42:45,326:INFO: Epoch: [98][30/44]	Loss 0.000696 (0.000824)
2021-07-29 14:42:45,817:INFO: Epoch: [98][40/44]	Loss 0.000547 (0.000798)
2021-07-29 14:42:46,365:INFO: Epoch: [99][ 0/44]	Loss 0.000981 (0.000981)
2021-07-29 14:42:46,838:INFO: Epoch: [99][10/44]	Loss 0.000690 (0.001093)
2021-07-29 14:42:47,315:INFO: Epoch: [99][20/44]	Loss 0.001142 (0.001200)
2021-07-29 14:42:47,808:INFO: Epoch: [99][30/44]	Loss 0.000596 (0.000982)
2021-07-29 14:42:48,289:INFO: Epoch: [99][40/44]	Loss 0.000565 (0.000895)
2021-07-29 14:42:48,835:INFO: Epoch: [100][ 0/44]	Loss 0.000977 (0.000977)
2021-07-29 14:42:49,277:INFO: Epoch: [100][10/44]	Loss 0.000762 (0.001078)
2021-07-29 14:42:49,725:INFO: Epoch: [100][20/44]	Loss 0.000970 (0.001209)
2021-07-29 14:42:50,181:INFO: Epoch: [100][30/44]	Loss 0.000729 (0.000986)
2021-07-29 14:42:50,621:INFO: Epoch: [100][40/44]	Loss 0.000785 (0.001013)
2021-07-29 14:42:51,164:INFO: Epoch: [101][ 0/44]	Loss 0.000661 (0.000661)
2021-07-29 14:42:51,641:INFO: Epoch: [101][10/44]	Loss 0.000561 (0.000689)
2021-07-29 14:42:52,125:INFO: Epoch: [101][20/44]	Loss 0.000745 (0.000745)
2021-07-29 14:42:52,622:INFO: Epoch: [101][30/44]	Loss 0.000516 (0.000628)
2021-07-29 14:42:53,101:INFO: Epoch: [101][40/44]	Loss 0.000478 (0.000617)
2021-07-29 14:42:53,639:INFO: Epoch: [102][ 0/44]	Loss 0.000662 (0.000662)
2021-07-29 14:42:54,106:INFO: Epoch: [102][10/44]	Loss 0.000689 (0.000947)
2021-07-29 14:42:54,681:INFO: Epoch: [102][20/44]	Loss 0.001690 (0.001229)
2021-07-29 14:42:55,184:INFO: Epoch: [102][30/44]	Loss 0.000759 (0.001059)
2021-07-29 14:42:55,676:INFO: Epoch: [102][40/44]	Loss 0.000622 (0.000987)
2021-07-29 14:42:56,218:INFO: Epoch: [103][ 0/44]	Loss 0.000922 (0.000922)
2021-07-29 14:42:56,661:INFO: Epoch: [103][10/44]	Loss 0.000758 (0.001012)
2021-07-29 14:42:57,126:INFO: Epoch: [103][20/44]	Loss 0.000996 (0.001245)
2021-07-29 14:42:57,626:INFO: Epoch: [103][30/44]	Loss 0.000495 (0.000975)
2021-07-29 14:42:58,109:INFO: Epoch: [103][40/44]	Loss 0.000709 (0.000932)
2021-07-29 14:42:58,653:INFO: Epoch: [104][ 0/44]	Loss 0.000692 (0.000692)
2021-07-29 14:42:59,133:INFO: Epoch: [104][10/44]	Loss 0.000589 (0.000772)
2021-07-29 14:42:59,619:INFO: Epoch: [104][20/44]	Loss 0.001033 (0.000883)
2021-07-29 14:43:00,122:INFO: Epoch: [104][30/44]	Loss 0.000578 (0.000744)
2021-07-29 14:43:00,609:INFO: Epoch: [104][40/44]	Loss 0.000492 (0.000717)
2021-07-29 14:43:01,166:INFO: Epoch: [105][ 0/44]	Loss 0.000760 (0.000760)
2021-07-29 14:43:01,646:INFO: Epoch: [105][10/44]	Loss 0.000632 (0.000925)
2021-07-29 14:43:02,131:INFO: Epoch: [105][20/44]	Loss 0.001907 (0.001226)
2021-07-29 14:43:02,638:INFO: Epoch: [105][30/44]	Loss 0.000821 (0.001057)
2021-07-29 14:43:03,125:INFO: Epoch: [105][40/44]	Loss 0.000687 (0.000998)
2021-07-29 14:43:03,682:INFO: Epoch: [106][ 0/44]	Loss 0.001339 (0.001339)
2021-07-29 14:43:04,156:INFO: Epoch: [106][10/44]	Loss 0.000723 (0.001479)
2021-07-29 14:43:04,639:INFO: Epoch: [106][20/44]	Loss 0.001327 (0.001729)
2021-07-29 14:43:05,136:INFO: Epoch: [106][30/44]	Loss 0.000865 (0.001313)
2021-07-29 14:43:05,588:INFO: Epoch: [106][40/44]	Loss 0.001042 (0.001328)
2021-07-29 14:43:06,104:INFO: Epoch: [107][ 0/44]	Loss 0.000794 (0.000794)
2021-07-29 14:43:06,606:INFO: Epoch: [107][10/44]	Loss 0.000661 (0.000762)
2021-07-29 14:43:07,101:INFO: Epoch: [107][20/44]	Loss 0.000884 (0.000901)
2021-07-29 14:43:07,613:INFO: Epoch: [107][30/44]	Loss 0.000488 (0.000742)
2021-07-29 14:43:08,096:INFO: Epoch: [107][40/44]	Loss 0.000625 (0.000733)
2021-07-29 14:43:08,634:INFO: Epoch: [108][ 0/44]	Loss 0.000548 (0.000548)
2021-07-29 14:43:09,130:INFO: Epoch: [108][10/44]	Loss 0.000463 (0.000609)
2021-07-29 14:43:09,645:INFO: Epoch: [108][20/44]	Loss 0.000552 (0.000645)
2021-07-29 14:43:10,162:INFO: Epoch: [108][30/44]	Loss 0.000726 (0.000545)
2021-07-29 14:43:10,661:INFO: Epoch: [108][40/44]	Loss 0.000493 (0.000564)
2021-07-29 14:43:11,216:INFO: Epoch: [109][ 0/44]	Loss 0.001104 (0.001104)
2021-07-29 14:43:11,714:INFO: Epoch: [109][10/44]	Loss 0.000642 (0.001352)
2021-07-29 14:43:12,219:INFO: Epoch: [109][20/44]	Loss 0.002839 (0.001899)
2021-07-29 14:43:12,737:INFO: Epoch: [109][30/44]	Loss 0.000681 (0.001576)
2021-07-29 14:43:13,232:INFO: Epoch: [109][40/44]	Loss 0.000713 (0.001350)
2021-07-29 14:43:13,782:INFO: Epoch: [110][ 0/44]	Loss 0.000754 (0.000754)
2021-07-29 14:43:14,274:INFO: Epoch: [110][10/44]	Loss 0.000811 (0.000711)
2021-07-29 14:43:14,782:INFO: Epoch: [110][20/44]	Loss 0.000603 (0.000802)
2021-07-29 14:43:15,309:INFO: Epoch: [110][30/44]	Loss 0.000565 (0.000630)
2021-07-29 14:43:15,808:INFO: Epoch: [110][40/44]	Loss 0.000522 (0.000640)
2021-07-29 14:43:16,354:INFO: Epoch: [111][ 0/44]	Loss 0.000577 (0.000577)
2021-07-29 14:43:16,854:INFO: Epoch: [111][10/44]	Loss 0.000513 (0.000735)
2021-07-29 14:43:17,359:INFO: Epoch: [111][20/44]	Loss 0.001110 (0.000889)
2021-07-29 14:43:17,873:INFO: Epoch: [111][30/44]	Loss 0.000448 (0.000716)
2021-07-29 14:43:18,367:INFO: Epoch: [111][40/44]	Loss 0.000451 (0.000655)
2021-07-29 14:43:18,917:INFO: Epoch: [112][ 0/44]	Loss 0.000724 (0.000724)
2021-07-29 14:43:19,400:INFO: Epoch: [112][10/44]	Loss 0.000654 (0.000859)
2021-07-29 14:43:19,877:INFO: Epoch: [112][20/44]	Loss 0.000917 (0.001137)
2021-07-29 14:43:20,390:INFO: Epoch: [112][30/44]	Loss 0.000924 (0.000899)
2021-07-29 14:43:20,864:INFO: Epoch: [112][40/44]	Loss 0.000698 (0.000931)
2021-07-29 14:43:21,418:INFO: Epoch: [113][ 0/44]	Loss 0.000873 (0.000873)
2021-07-29 14:43:21,891:INFO: Epoch: [113][10/44]	Loss 0.000764 (0.000859)
2021-07-29 14:43:22,364:INFO: Epoch: [113][20/44]	Loss 0.000775 (0.001001)
2021-07-29 14:43:22,861:INFO: Epoch: [113][30/44]	Loss 0.000976 (0.000765)
2021-07-29 14:43:23,341:INFO: Epoch: [113][40/44]	Loss 0.000583 (0.000793)
2021-07-29 14:43:23,885:INFO: Epoch: [114][ 0/44]	Loss 0.000870 (0.000870)
2021-07-29 14:43:24,362:INFO: Epoch: [114][10/44]	Loss 0.000905 (0.000910)
2021-07-29 14:43:24,845:INFO: Epoch: [114][20/44]	Loss 0.000849 (0.001095)
2021-07-29 14:43:25,338:INFO: Epoch: [114][30/44]	Loss 0.002675 (0.000831)
2021-07-29 14:43:25,782:INFO: Epoch: [114][40/44]	Loss 0.000788 (0.000934)
2021-07-29 14:43:26,327:INFO: Epoch: [115][ 0/44]	Loss 0.001460 (0.001460)
2021-07-29 14:43:26,851:INFO: Epoch: [115][10/44]	Loss 0.001385 (0.001367)
2021-07-29 14:43:27,309:INFO: Epoch: [115][20/44]	Loss 0.001440 (0.001781)
2021-07-29 14:43:27,742:INFO: Epoch: [115][30/44]	Loss 0.001031 (0.001332)
2021-07-29 14:43:28,158:INFO: Epoch: [115][40/44]	Loss 0.001129 (0.001317)
2021-07-29 14:43:28,667:INFO: Epoch: [116][ 0/44]	Loss 0.000626 (0.000626)
2021-07-29 14:43:29,154:INFO: Epoch: [116][10/44]	Loss 0.001348 (0.000869)
2021-07-29 14:43:29,666:INFO: Epoch: [116][20/44]	Loss 0.000542 (0.000869)
2021-07-29 14:43:30,194:INFO: Epoch: [116][30/44]	Loss 0.000453 (0.000606)
2021-07-29 14:43:30,702:INFO: Epoch: [116][40/44]	Loss 0.000460 (0.000605)
2021-07-29 14:43:31,293:INFO: Epoch: [117][ 0/44]	Loss 0.000417 (0.000417)
2021-07-29 14:43:31,780:INFO: Epoch: [117][10/44]	Loss 0.000486 (0.000516)
2021-07-29 14:43:32,284:INFO: Epoch: [117][20/44]	Loss 0.000390 (0.000519)
2021-07-29 14:43:32,813:INFO: Epoch: [117][30/44]	Loss 0.000431 (0.000415)
2021-07-29 14:43:33,288:INFO: Epoch: [117][40/44]	Loss 0.000310 (0.000412)
2021-07-29 14:43:33,818:INFO: Epoch: [118][ 0/44]	Loss 0.000521 (0.000521)
2021-07-29 14:43:34,297:INFO: Epoch: [118][10/44]	Loss 0.000438 (0.000756)
2021-07-29 14:43:34,785:INFO: Epoch: [118][20/44]	Loss 0.002099 (0.001176)
2021-07-29 14:43:35,276:INFO: Epoch: [118][30/44]	Loss 0.000753 (0.001029)
2021-07-29 14:43:35,712:INFO: Epoch: [118][40/44]	Loss 0.000788 (0.000962)
2021-07-29 14:43:36,256:INFO: Epoch: [119][ 0/44]	Loss 0.001007 (0.001007)
2021-07-29 14:43:36,722:INFO: Epoch: [119][10/44]	Loss 0.001472 (0.001296)
2021-07-29 14:43:37,193:INFO: Epoch: [119][20/44]	Loss 0.000992 (0.001671)
2021-07-29 14:43:37,681:INFO: Epoch: [119][30/44]	Loss 0.001913 (0.001171)
2021-07-29 14:43:38,155:INFO: Epoch: [119][40/44]	Loss 0.000956 (0.001233)
2021-07-29 14:43:38,707:INFO: Epoch: [120][ 0/44]	Loss 0.000675 (0.000675)
2021-07-29 14:43:39,197:INFO: Epoch: [120][10/44]	Loss 0.000960 (0.000768)
2021-07-29 14:43:39,677:INFO: Epoch: [120][20/44]	Loss 0.000498 (0.000807)
2021-07-29 14:43:40,168:INFO: Epoch: [120][30/44]	Loss 0.000634 (0.000575)
2021-07-29 14:43:40,660:INFO: Epoch: [120][40/44]	Loss 0.000426 (0.000587)
2021-07-29 14:43:41,266:INFO: Epoch: [121][ 0/44]	Loss 0.000493 (0.000493)
2021-07-29 14:43:41,770:INFO: Epoch: [121][10/44]	Loss 0.000399 (0.000545)
2021-07-29 14:43:42,278:INFO: Epoch: [121][20/44]	Loss 0.000439 (0.000549)
2021-07-29 14:43:42,769:INFO: Epoch: [121][30/44]	Loss 0.000484 (0.000415)
2021-07-29 14:43:43,302:INFO: Epoch: [121][40/44]	Loss 0.000312 (0.000415)
2021-07-29 14:43:43,856:INFO: Epoch: [122][ 0/44]	Loss 0.000612 (0.000612)
2021-07-29 14:43:44,309:INFO: Epoch: [122][10/44]	Loss 0.000426 (0.000827)
2021-07-29 14:43:44,799:INFO: Epoch: [122][20/44]	Loss 0.001509 (0.001154)
2021-07-29 14:43:45,295:INFO: Epoch: [122][30/44]	Loss 0.000615 (0.000955)
2021-07-29 14:43:45,782:INFO: Epoch: [122][40/44]	Loss 0.000705 (0.000907)
2021-07-29 14:43:46,366:INFO: Epoch: [123][ 0/44]	Loss 0.000741 (0.000741)
2021-07-29 14:43:46,861:INFO: Epoch: [123][10/44]	Loss 0.001921 (0.001165)
2021-07-29 14:43:47,378:INFO: Epoch: [123][20/44]	Loss 0.000766 (0.001401)
2021-07-29 14:43:47,938:INFO: Epoch: [123][30/44]	Loss 0.001528 (0.000926)
2021-07-29 14:43:48,481:INFO: Epoch: [123][40/44]	Loss 0.000650 (0.000956)
2021-07-29 14:43:49,008:INFO: Epoch: [124][ 0/44]	Loss 0.000622 (0.000622)
2021-07-29 14:43:49,504:INFO: Epoch: [124][10/44]	Loss 0.000675 (0.000752)
2021-07-29 14:43:50,057:INFO: Epoch: [124][20/44]	Loss 0.000590 (0.000899)
2021-07-29 14:43:50,618:INFO: Epoch: [124][30/44]	Loss 0.000909 (0.000655)
2021-07-29 14:43:51,153:INFO: Epoch: [124][40/44]	Loss 0.000462 (0.000680)
2021-07-29 14:43:51,721:INFO: Epoch: [125][ 0/44]	Loss 0.000625 (0.000625)
2021-07-29 14:43:52,252:INFO: Epoch: [125][10/44]	Loss 0.000557 (0.000665)
2021-07-29 14:43:52,796:INFO: Epoch: [125][20/44]	Loss 0.000496 (0.000739)
2021-07-29 14:43:53,294:INFO: Epoch: [125][30/44]	Loss 0.001159 (0.000563)
2021-07-29 14:43:53,776:INFO: Epoch: [125][40/44]	Loss 0.000434 (0.000602)
2021-07-29 14:43:54,319:INFO: Epoch: [126][ 0/44]	Loss 0.001119 (0.001119)
2021-07-29 14:43:54,819:INFO: Epoch: [126][10/44]	Loss 0.000571 (0.001072)
2021-07-29 14:43:55,294:INFO: Epoch: [126][20/44]	Loss 0.001231 (0.001301)
2021-07-29 14:43:55,775:INFO: Epoch: [126][30/44]	Loss 0.000841 (0.001057)
2021-07-29 14:43:56,231:INFO: Epoch: [126][40/44]	Loss 0.000741 (0.001033)
2021-07-29 14:43:56,770:INFO: Epoch: [127][ 0/44]	Loss 0.000738 (0.000738)
2021-07-29 14:43:57,277:INFO: Epoch: [127][10/44]	Loss 0.001739 (0.001107)
2021-07-29 14:43:57,783:INFO: Epoch: [127][20/44]	Loss 0.000888 (0.001507)
2021-07-29 14:43:58,303:INFO: Epoch: [127][30/44]	Loss 0.002107 (0.001032)
2021-07-29 14:43:58,802:INFO: Epoch: [127][40/44]	Loss 0.000788 (0.001044)
2021-07-29 14:43:59,333:INFO: Epoch: [128][ 0/44]	Loss 0.000539 (0.000539)
2021-07-29 14:43:59,796:INFO: Epoch: [128][10/44]	Loss 0.000726 (0.000639)
2021-07-29 14:44:00,278:INFO: Epoch: [128][20/44]	Loss 0.000557 (0.000703)
2021-07-29 14:44:00,786:INFO: Epoch: [128][30/44]	Loss 0.000394 (0.000540)
2021-07-29 14:44:01,269:INFO: Epoch: [128][40/44]	Loss 0.000400 (0.000534)
2021-07-29 14:44:01,820:INFO: Epoch: [129][ 0/44]	Loss 0.000459 (0.000459)
2021-07-29 14:44:02,325:INFO: Epoch: [129][10/44]	Loss 0.000578 (0.000479)
2021-07-29 14:44:02,890:INFO: Epoch: [129][20/44]	Loss 0.000426 (0.000515)
2021-07-29 14:44:03,395:INFO: Epoch: [129][30/44]	Loss 0.000348 (0.000410)
2021-07-29 14:44:03,886:INFO: Epoch: [129][40/44]	Loss 0.000287 (0.000396)
2021-07-29 14:44:04,419:INFO: Epoch: [130][ 0/44]	Loss 0.000572 (0.000572)
2021-07-29 14:44:04,878:INFO: Epoch: [130][10/44]	Loss 0.000547 (0.000782)
2021-07-29 14:44:05,369:INFO: Epoch: [130][20/44]	Loss 0.000955 (0.000982)
2021-07-29 14:44:05,913:INFO: Epoch: [130][30/44]	Loss 0.000987 (0.000771)
2021-07-29 14:44:06,401:INFO: Epoch: [130][40/44]	Loss 0.000602 (0.000750)
2021-07-29 14:44:06,953:INFO: Epoch: [131][ 0/44]	Loss 0.001159 (0.001159)
2021-07-29 14:44:07,462:INFO: Epoch: [131][10/44]	Loss 0.000906 (0.001219)
2021-07-29 14:44:07,952:INFO: Epoch: [131][20/44]	Loss 0.000960 (0.001453)
2021-07-29 14:44:08,447:INFO: Epoch: [131][30/44]	Loss 0.001756 (0.000975)
2021-07-29 14:44:08,904:INFO: Epoch: [131][40/44]	Loss 0.000564 (0.000948)
2021-07-29 14:44:09,441:INFO: Epoch: [132][ 0/44]	Loss 0.001010 (0.001010)
2021-07-29 14:44:09,917:INFO: Epoch: [132][10/44]	Loss 0.001245 (0.001067)
2021-07-29 14:44:10,417:INFO: Epoch: [132][20/44]	Loss 0.001474 (0.001468)
2021-07-29 14:44:10,886:INFO: Epoch: [132][30/44]	Loss 0.000881 (0.001194)
2021-07-29 14:44:11,350:INFO: Epoch: [132][40/44]	Loss 0.000783 (0.001092)
2021-07-29 14:44:11,896:INFO: Epoch: [133][ 0/44]	Loss 0.000619 (0.000619)
2021-07-29 14:44:12,373:INFO: Epoch: [133][10/44]	Loss 0.002160 (0.001137)
2021-07-29 14:44:12,853:INFO: Epoch: [133][20/44]	Loss 0.000738 (0.001392)
2021-07-29 14:44:13,346:INFO: Epoch: [133][30/44]	Loss 0.000982 (0.000888)
2021-07-29 14:44:13,825:INFO: Epoch: [133][40/44]	Loss 0.000407 (0.000798)
2021-07-29 14:44:14,373:INFO: Epoch: [134][ 0/44]	Loss 0.000423 (0.000423)
2021-07-29 14:44:14,861:INFO: Epoch: [134][10/44]	Loss 0.000376 (0.000417)
2021-07-29 14:44:15,358:INFO: Epoch: [134][20/44]	Loss 0.000330 (0.000446)
2021-07-29 14:44:15,864:INFO: Epoch: [134][30/44]	Loss 0.000330 (0.000345)
2021-07-29 14:44:16,362:INFO: Epoch: [134][40/44]	Loss 0.000233 (0.000336)
2021-07-29 14:44:16,916:INFO: Epoch: [135][ 0/44]	Loss 0.000382 (0.000382)
2021-07-29 14:44:17,357:INFO: Epoch: [135][10/44]	Loss 0.000313 (0.000454)
2021-07-29 14:44:17,805:INFO: Epoch: [135][20/44]	Loss 0.000478 (0.000528)
2021-07-29 14:44:18,269:INFO: Epoch: [135][30/44]	Loss 0.000499 (0.000444)
2021-07-29 14:44:18,716:INFO: Epoch: [135][40/44]	Loss 0.000357 (0.000447)
2021-07-29 14:44:19,261:INFO: Epoch: [136][ 0/44]	Loss 0.000683 (0.000683)
2021-07-29 14:44:19,730:INFO: Epoch: [136][10/44]	Loss 0.000805 (0.000824)
2021-07-29 14:44:20,217:INFO: Epoch: [136][20/44]	Loss 0.001626 (0.001093)
2021-07-29 14:44:20,717:INFO: Epoch: [136][30/44]	Loss 0.001031 (0.000913)
2021-07-29 14:44:21,204:INFO: Epoch: [136][40/44]	Loss 0.000824 (0.000844)
2021-07-29 14:44:21,761:INFO: Epoch: [137][ 0/44]	Loss 0.001154 (0.001154)
2021-07-29 14:44:22,231:INFO: Epoch: [137][10/44]	Loss 0.002302 (0.001548)
2021-07-29 14:44:22,707:INFO: Epoch: [137][20/44]	Loss 0.001224 (0.001830)
2021-07-29 14:44:23,213:INFO: Epoch: [137][30/44]	Loss 0.003114 (0.001304)
2021-07-29 14:44:23,686:INFO: Epoch: [137][40/44]	Loss 0.000964 (0.001314)
2021-07-29 14:44:24,210:INFO: Epoch: [138][ 0/44]	Loss 0.000817 (0.000817)
2021-07-29 14:44:24,687:INFO: Epoch: [138][10/44]	Loss 0.001663 (0.001272)
2021-07-29 14:44:25,191:INFO: Epoch: [138][20/44]	Loss 0.000931 (0.001478)
2021-07-29 14:44:25,741:INFO: Epoch: [138][30/44]	Loss 0.000579 (0.000945)
2021-07-29 14:44:26,326:INFO: Epoch: [138][40/44]	Loss 0.000324 (0.000813)
2021-07-29 14:44:26,866:INFO: Epoch: [139][ 0/44]	Loss 0.000431 (0.000431)
2021-07-29 14:44:27,350:INFO: Epoch: [139][10/44]	Loss 0.000570 (0.000471)
2021-07-29 14:44:27,833:INFO: Epoch: [139][20/44]	Loss 0.000431 (0.000547)
2021-07-29 14:44:28,330:INFO: Epoch: [139][30/44]	Loss 0.000561 (0.000410)
2021-07-29 14:44:28,809:INFO: Epoch: [139][40/44]	Loss 0.000214 (0.000371)
2021-07-29 14:44:29,368:INFO: Epoch: [140][ 0/44]	Loss 0.000382 (0.000382)
2021-07-29 14:44:29,841:INFO: Epoch: [140][10/44]	Loss 0.000309 (0.000475)
2021-07-29 14:44:30,322:INFO: Epoch: [140][20/44]	Loss 0.000597 (0.000577)
2021-07-29 14:44:30,814:INFO: Epoch: [140][30/44]	Loss 0.000364 (0.000468)
2021-07-29 14:44:31,297:INFO: Epoch: [140][40/44]	Loss 0.000352 (0.000453)
2021-07-29 14:44:31,853:INFO: Epoch: [141][ 0/44]	Loss 0.000620 (0.000620)
2021-07-29 14:44:32,325:INFO: Epoch: [141][10/44]	Loss 0.000847 (0.001016)
2021-07-29 14:44:32,824:INFO: Epoch: [141][20/44]	Loss 0.001836 (0.001467)
2021-07-29 14:44:33,319:INFO: Epoch: [141][30/44]	Loss 0.001257 (0.001198)
2021-07-29 14:44:33,801:INFO: Epoch: [141][40/44]	Loss 0.000916 (0.001100)
2021-07-29 14:44:34,352:INFO: Epoch: [142][ 0/44]	Loss 0.001016 (0.001016)
2021-07-29 14:44:34,825:INFO: Epoch: [142][10/44]	Loss 0.002370 (0.001637)
2021-07-29 14:44:35,309:INFO: Epoch: [142][20/44]	Loss 0.001165 (0.002098)
2021-07-29 14:44:35,807:INFO: Epoch: [142][30/44]	Loss 0.001963 (0.001363)
2021-07-29 14:44:36,286:INFO: Epoch: [142][40/44]	Loss 0.000890 (0.001286)
2021-07-29 14:44:36,818:INFO: Epoch: [143][ 0/44]	Loss 0.000765 (0.000765)
2021-07-29 14:44:37,274:INFO: Epoch: [143][10/44]	Loss 0.000504 (0.000649)
2021-07-29 14:44:37,797:INFO: Epoch: [143][20/44]	Loss 0.000411 (0.000614)
2021-07-29 14:44:38,298:INFO: Epoch: [143][30/44]	Loss 0.000396 (0.000431)
2021-07-29 14:44:38,776:INFO: Epoch: [143][40/44]	Loss 0.000222 (0.000388)
2021-07-29 14:44:39,339:INFO: Epoch: [144][ 0/44]	Loss 0.000351 (0.000351)
2021-07-29 14:44:39,778:INFO: Epoch: [144][10/44]	Loss 0.000278 (0.000400)
2021-07-29 14:44:40,218:INFO: Epoch: [144][20/44]	Loss 0.000328 (0.000447)
2021-07-29 14:44:40,696:INFO: Epoch: [144][30/44]	Loss 0.000314 (0.000364)
2021-07-29 14:44:41,167:INFO: Epoch: [144][40/44]	Loss 0.000249 (0.000348)
2021-07-29 14:44:41,694:INFO: Epoch: [145][ 0/44]	Loss 0.000403 (0.000403)
2021-07-29 14:44:42,158:INFO: Epoch: [145][10/44]	Loss 0.000378 (0.000504)
2021-07-29 14:44:42,676:INFO: Epoch: [145][20/44]	Loss 0.000506 (0.000604)
2021-07-29 14:44:43,226:INFO: Epoch: [145][30/44]	Loss 0.000533 (0.000441)
2021-07-29 14:44:43,773:INFO: Epoch: [145][40/44]	Loss 0.000371 (0.000449)
2021-07-29 14:44:44,390:INFO: Epoch: [146][ 0/44]	Loss 0.000663 (0.000663)
2021-07-29 14:44:44,837:INFO: Epoch: [146][10/44]	Loss 0.000957 (0.000994)
2021-07-29 14:44:45,314:INFO: Epoch: [146][20/44]	Loss 0.001201 (0.001216)
2021-07-29 14:44:45,849:INFO: Epoch: [146][30/44]	Loss 0.001395 (0.000891)
2021-07-29 14:44:46,375:INFO: Epoch: [146][40/44]	Loss 0.000714 (0.000853)
2021-07-29 14:44:46,990:INFO: Epoch: [147][ 0/44]	Loss 0.000734 (0.000734)
2021-07-29 14:44:47,470:INFO: Epoch: [147][10/44]	Loss 0.001988 (0.001433)
2021-07-29 14:44:47,953:INFO: Epoch: [147][20/44]	Loss 0.001167 (0.001675)
2021-07-29 14:44:48,453:INFO: Epoch: [147][30/44]	Loss 0.002310 (0.001131)
2021-07-29 14:44:48,942:INFO: Epoch: [147][40/44]	Loss 0.000665 (0.001052)
2021-07-29 14:44:49,500:INFO: Epoch: [148][ 0/44]	Loss 0.000832 (0.000832)
2021-07-29 14:44:49,973:INFO: Epoch: [148][10/44]	Loss 0.001666 (0.001175)
2021-07-29 14:44:50,480:INFO: Epoch: [148][20/44]	Loss 0.001112 (0.001446)
2021-07-29 14:44:50,970:INFO: Epoch: [148][30/44]	Loss 0.001175 (0.001039)
2021-07-29 14:44:51,418:INFO: Epoch: [148][40/44]	Loss 0.000634 (0.000961)
2021-07-29 14:44:51,989:INFO: Epoch: [149][ 0/44]	Loss 0.000593 (0.000593)
2021-07-29 14:44:52,470:INFO: Epoch: [149][10/44]	Loss 0.001122 (0.000847)
2021-07-29 14:44:52,968:INFO: Epoch: [149][20/44]	Loss 0.000699 (0.000969)
2021-07-29 14:44:53,515:INFO: Epoch: [149][30/44]	Loss 0.000611 (0.000691)
2021-07-29 14:44:54,012:INFO: Epoch: [149][40/44]	Loss 0.000293 (0.000657)
2021-07-29 14:44:54,863:INFO: Epoch: [150][ 0/44]	Loss 5.663232 (5.663232)
2021-07-29 14:44:57,493:INFO: Epoch: [150][10/44]	Loss 2.850241 (6.262692)
2021-07-29 14:45:00,189:INFO: Epoch: [150][20/44]	Loss 1.271394 (3.858301)
2021-07-29 14:45:02,805:INFO: Epoch: [150][30/44]	Loss 1.145676 (2.155293)
2021-07-29 14:45:05,355:INFO: Epoch: [150][40/44]	Loss 0.768666 (1.759132)
2021-07-29 14:45:06,674:INFO: Epoch: [151][ 0/44]	Loss 0.697169 (0.697169)
2021-07-29 14:45:09,264:INFO: Epoch: [151][10/44]	Loss 0.698103 (0.745422)
2021-07-29 14:45:11,882:INFO: Epoch: [151][20/44]	Loss 0.346771 (0.557493)
2021-07-29 14:45:14,509:INFO: Epoch: [151][30/44]	Loss 0.252385 (0.366133)
2021-07-29 14:45:17,096:INFO: Epoch: [151][40/44]	Loss 0.184642 (0.319490)
2021-07-29 14:45:18,476:INFO: Epoch: [152][ 0/44]	Loss 0.221057 (0.221057)
2021-07-29 14:45:21,057:INFO: Epoch: [152][10/44]	Loss 0.220770 (0.241767)
2021-07-29 14:45:23,643:INFO: Epoch: [152][20/44]	Loss 0.134578 (0.194068)
2021-07-29 14:45:26,306:INFO: Epoch: [152][30/44]	Loss 0.115245 (0.153882)
2021-07-29 14:45:28,873:INFO: Epoch: [152][40/44]	Loss 0.106777 (0.141718)
2021-07-29 14:45:30,172:INFO: Epoch: [153][ 0/44]	Loss 0.141480 (0.141480)
2021-07-29 14:45:32,781:INFO: Epoch: [153][10/44]	Loss 0.137604 (0.151411)
2021-07-29 14:45:35,393:INFO: Epoch: [153][20/44]	Loss 0.103065 (0.129900)
2021-07-29 14:45:38,278:INFO: Epoch: [153][30/44]	Loss 0.092121 (0.110573)
2021-07-29 14:45:41,102:INFO: Epoch: [153][40/44]	Loss 0.090912 (0.105441)
2021-07-29 14:45:42,368:INFO: Epoch: [154][ 0/44]	Loss 0.108734 (0.108734)
2021-07-29 14:45:45,023:INFO: Epoch: [154][10/44]	Loss 0.115393 (0.116527)
2021-07-29 14:45:47,614:INFO: Epoch: [154][20/44]	Loss 0.084462 (0.101010)
2021-07-29 14:45:50,258:INFO: Epoch: [154][30/44]	Loss 0.080039 (0.088626)
2021-07-29 14:45:53,275:INFO: Epoch: [154][40/44]	Loss 0.069418 (0.084477)
2021-07-29 14:45:54,694:INFO: Epoch: [155][ 0/44]	Loss 0.090478 (0.090478)
2021-07-29 14:45:57,575:INFO: Epoch: [155][10/44]	Loss 0.093753 (0.095927)
2021-07-29 14:46:00,215:INFO: Epoch: [155][20/44]	Loss 0.070358 (0.086356)
2021-07-29 14:46:02,843:INFO: Epoch: [155][30/44]	Loss 0.060947 (0.073670)
2021-07-29 14:46:05,436:INFO: Epoch: [155][40/44]	Loss 0.057961 (0.071133)
2021-07-29 14:46:06,723:INFO: Epoch: [156][ 0/44]	Loss 0.066483 (0.066483)
2021-07-29 14:46:09,366:INFO: Epoch: [156][10/44]	Loss 0.079316 (0.079880)
2021-07-29 14:46:11,983:INFO: Epoch: [156][20/44]	Loss 0.069529 (0.074841)
2021-07-29 14:46:14,614:INFO: Epoch: [156][30/44]	Loss 0.066023 (0.066725)
2021-07-29 14:46:17,280:INFO: Epoch: [156][40/44]	Loss 0.050030 (0.063679)
2021-07-29 14:46:18,560:INFO: Epoch: [157][ 0/44]	Loss 0.069314 (0.069314)
2021-07-29 14:46:21,140:INFO: Epoch: [157][10/44]	Loss 0.084589 (0.072407)
2021-07-29 14:46:23,753:INFO: Epoch: [157][20/44]	Loss 0.058074 (0.067140)
2021-07-29 14:46:26,555:INFO: Epoch: [157][30/44]	Loss 0.051799 (0.060403)
2021-07-29 14:46:29,250:INFO: Epoch: [157][40/44]	Loss 0.049387 (0.057965)
2021-07-29 14:46:30,518:INFO: Epoch: [158][ 0/44]	Loss 0.056477 (0.056477)
2021-07-29 14:46:33,084:INFO: Epoch: [158][10/44]	Loss 0.065103 (0.064904)
2021-07-29 14:46:35,682:INFO: Epoch: [158][20/44]	Loss 0.048937 (0.058011)
2021-07-29 14:46:38,811:INFO: Epoch: [158][30/44]	Loss 0.047746 (0.051912)
2021-07-29 14:46:41,480:INFO: Epoch: [158][40/44]	Loss 0.042824 (0.050411)
2021-07-29 14:46:42,762:INFO: Epoch: [159][ 0/44]	Loss 0.050976 (0.050976)
2021-07-29 14:46:45,389:INFO: Epoch: [159][10/44]	Loss 0.055856 (0.058652)
2021-07-29 14:46:48,072:INFO: Epoch: [159][20/44]	Loss 0.048043 (0.053826)
2021-07-29 14:46:50,761:INFO: Epoch: [159][30/44]	Loss 0.044152 (0.048948)
2021-07-29 14:46:53,378:INFO: Epoch: [159][40/44]	Loss 0.038896 (0.047412)
2021-07-29 14:46:54,674:INFO: Epoch: [160][ 0/44]	Loss 0.051013 (0.051013)
2021-07-29 14:46:57,294:INFO: Epoch: [160][10/44]	Loss 0.058373 (0.053229)
2021-07-29 14:46:59,871:INFO: Epoch: [160][20/44]	Loss 0.042086 (0.047618)
2021-07-29 14:47:02,490:INFO: Epoch: [160][30/44]	Loss 0.040301 (0.042729)
2021-07-29 14:47:05,296:INFO: Epoch: [160][40/44]	Loss 0.036993 (0.041174)
2021-07-29 14:47:06,584:INFO: Epoch: [161][ 0/44]	Loss 0.043715 (0.043715)
2021-07-29 14:47:09,178:INFO: Epoch: [161][10/44]	Loss 0.047891 (0.048766)
2021-07-29 14:47:11,746:INFO: Epoch: [161][20/44]	Loss 0.038733 (0.044298)
2021-07-29 14:47:14,333:INFO: Epoch: [161][30/44]	Loss 0.038298 (0.039986)
2021-07-29 14:47:17,004:INFO: Epoch: [161][40/44]	Loss 0.033913 (0.039074)
2021-07-29 14:47:18,272:INFO: Epoch: [162][ 0/44]	Loss 0.036534 (0.036534)
2021-07-29 14:47:20,868:INFO: Epoch: [162][10/44]	Loss 0.046357 (0.044369)
2021-07-29 14:47:23,480:INFO: Epoch: [162][20/44]	Loss 0.037689 (0.040721)
2021-07-29 14:47:26,067:INFO: Epoch: [162][30/44]	Loss 0.031742 (0.036170)
2021-07-29 14:47:28,735:INFO: Epoch: [162][40/44]	Loss 0.030657 (0.035256)
2021-07-29 14:47:29,989:INFO: Epoch: [163][ 0/44]	Loss 0.034657 (0.034657)
2021-07-29 14:47:32,515:INFO: Epoch: [163][10/44]	Loss 0.037682 (0.038498)
2021-07-29 14:47:35,125:INFO: Epoch: [163][20/44]	Loss 0.033415 (0.036252)
2021-07-29 14:47:37,792:INFO: Epoch: [163][30/44]	Loss 0.028205 (0.033089)
2021-07-29 14:47:40,353:INFO: Epoch: [163][40/44]	Loss 0.026993 (0.032140)
2021-07-29 14:47:41,624:INFO: Epoch: [164][ 0/44]	Loss 0.034547 (0.034547)
2021-07-29 14:47:44,175:INFO: Epoch: [164][10/44]	Loss 0.035556 (0.035712)
2021-07-29 14:47:46,751:INFO: Epoch: [164][20/44]	Loss 0.031757 (0.033826)
2021-07-29 14:47:49,326:INFO: Epoch: [164][30/44]	Loss 0.025985 (0.029938)
2021-07-29 14:47:51,953:INFO: Epoch: [164][40/44]	Loss 0.026153 (0.029437)
2021-07-29 14:47:53,349:INFO: Epoch: [165][ 0/44]	Loss 0.029033 (0.029033)
2021-07-29 14:47:55,896:INFO: Epoch: [165][10/44]	Loss 0.035798 (0.033903)
2021-07-29 14:47:58,504:INFO: Epoch: [165][20/44]	Loss 0.028156 (0.031847)
2021-07-29 14:48:01,112:INFO: Epoch: [165][30/44]	Loss 0.025225 (0.027858)
2021-07-29 14:48:03,872:INFO: Epoch: [165][40/44]	Loss 0.021665 (0.027052)
2021-07-29 14:48:05,207:INFO: Epoch: [166][ 0/44]	Loss 0.025872 (0.025872)
2021-07-29 14:48:07,940:INFO: Epoch: [166][10/44]	Loss 0.030385 (0.030465)
2021-07-29 14:48:10,634:INFO: Epoch: [166][20/44]	Loss 0.026470 (0.029106)
2021-07-29 14:48:13,220:INFO: Epoch: [166][30/44]	Loss 0.024919 (0.026439)
2021-07-29 14:48:15,773:INFO: Epoch: [166][40/44]	Loss 0.022903 (0.026950)
2021-07-29 14:48:17,035:INFO: Epoch: [167][ 0/44]	Loss 0.024003 (0.024003)
2021-07-29 14:48:19,547:INFO: Epoch: [167][10/44]	Loss 0.026765 (0.028080)
2021-07-29 14:48:22,033:INFO: Epoch: [167][20/44]	Loss 0.025431 (0.025833)
2021-07-29 14:48:24,600:INFO: Epoch: [167][30/44]	Loss 0.019764 (0.022928)
2021-07-29 14:48:27,117:INFO: Epoch: [167][40/44]	Loss 0.019315 (0.022355)
2021-07-29 14:48:28,390:INFO: Epoch: [168][ 0/44]	Loss 0.025764 (0.025764)
2021-07-29 14:48:30,947:INFO: Epoch: [168][10/44]	Loss 0.029957 (0.026813)
2021-07-29 14:48:33,471:INFO: Epoch: [168][20/44]	Loss 0.021659 (0.024173)
2021-07-29 14:48:36,041:INFO: Epoch: [168][30/44]	Loss 0.019565 (0.021332)
2021-07-29 14:48:38,569:INFO: Epoch: [168][40/44]	Loss 0.017682 (0.020835)
2021-07-29 14:48:39,830:INFO: Epoch: [169][ 0/44]	Loss 0.021787 (0.021787)
2021-07-29 14:48:42,455:INFO: Epoch: [169][10/44]	Loss 0.022852 (0.023447)
2021-07-29 14:48:45,034:INFO: Epoch: [169][20/44]	Loss 0.020817 (0.021802)
2021-07-29 14:48:47,641:INFO: Epoch: [169][30/44]	Loss 0.020215 (0.019464)
2021-07-29 14:48:50,206:INFO: Epoch: [169][40/44]	Loss 0.017312 (0.019309)
2021-07-29 14:48:51,452:INFO: Epoch: [170][ 0/44]	Loss 0.024577 (0.024577)
2021-07-29 14:48:53,958:INFO: Epoch: [170][10/44]	Loss 0.024039 (0.023506)
2021-07-29 14:48:56,489:INFO: Epoch: [170][20/44]	Loss 0.020494 (0.021619)
2021-07-29 14:48:59,050:INFO: Epoch: [170][30/44]	Loss 0.019271 (0.019925)
2021-07-29 14:49:01,577:INFO: Epoch: [170][40/44]	Loss 0.016965 (0.019462)
2021-07-29 14:49:02,828:INFO: Epoch: [171][ 0/44]	Loss 0.021049 (0.021049)
2021-07-29 14:49:05,332:INFO: Epoch: [171][10/44]	Loss 0.024294 (0.023424)
2021-07-29 14:49:07,866:INFO: Epoch: [171][20/44]	Loss 0.024683 (0.023492)
2021-07-29 14:49:10,443:INFO: Epoch: [171][30/44]	Loss 0.019716 (0.021582)
2021-07-29 14:49:12,979:INFO: Epoch: [171][40/44]	Loss 0.018825 (0.021325)
2021-07-29 14:49:14,246:INFO: Epoch: [172][ 0/44]	Loss 0.023650 (0.023650)
2021-07-29 14:49:16,757:INFO: Epoch: [172][10/44]	Loss 0.022579 (0.025079)
2021-07-29 14:49:19,302:INFO: Epoch: [172][20/44]	Loss 0.019750 (0.022429)
2021-07-29 14:49:21,966:INFO: Epoch: [172][30/44]	Loss 0.019626 (0.019512)
2021-07-29 14:49:24,516:INFO: Epoch: [172][40/44]	Loss 0.016794 (0.019013)
2021-07-29 14:49:25,770:INFO: Epoch: [173][ 0/44]	Loss 0.024531 (0.024531)
2021-07-29 14:49:28,311:INFO: Epoch: [173][10/44]	Loss 0.020800 (0.021545)
2021-07-29 14:49:30,856:INFO: Epoch: [173][20/44]	Loss 0.018398 (0.019528)
2021-07-29 14:49:33,464:INFO: Epoch: [173][30/44]	Loss 0.014559 (0.017226)
2021-07-29 14:49:36,025:INFO: Epoch: [173][40/44]	Loss 0.014066 (0.016743)
2021-07-29 14:49:37,268:INFO: Epoch: [174][ 0/44]	Loss 0.020181 (0.020181)
2021-07-29 14:49:39,769:INFO: Epoch: [174][10/44]	Loss 0.019420 (0.018651)
2021-07-29 14:49:42,429:INFO: Epoch: [174][20/44]	Loss 0.014696 (0.016720)
2021-07-29 14:49:45,071:INFO: Epoch: [174][30/44]	Loss 0.013644 (0.015143)
2021-07-29 14:49:47,654:INFO: Epoch: [174][40/44]	Loss 0.013892 (0.015040)
2021-07-29 14:49:48,955:INFO: Epoch: [175][ 0/44]	Loss 0.017986 (0.017986)
2021-07-29 14:49:51,470:INFO: Epoch: [175][10/44]	Loss 0.018410 (0.017788)
2021-07-29 14:49:54,012:INFO: Epoch: [175][20/44]	Loss 0.014829 (0.016228)
2021-07-29 14:49:56,565:INFO: Epoch: [175][30/44]	Loss 0.012202 (0.014443)
2021-07-29 14:49:59,107:INFO: Epoch: [175][40/44]	Loss 0.011735 (0.014032)
2021-07-29 14:50:00,388:INFO: Epoch: [176][ 0/44]	Loss 0.015913 (0.015913)
2021-07-29 14:50:02,948:INFO: Epoch: [176][10/44]	Loss 0.014074 (0.015611)
2021-07-29 14:50:05,483:INFO: Epoch: [176][20/44]	Loss 0.016765 (0.015114)
2021-07-29 14:50:08,091:INFO: Epoch: [176][30/44]	Loss 0.013069 (0.014066)
2021-07-29 14:50:10,681:INFO: Epoch: [176][40/44]	Loss 0.010957 (0.013633)
2021-07-29 14:50:11,943:INFO: Epoch: [177][ 0/44]	Loss 0.014731 (0.014731)
2021-07-29 14:50:14,457:INFO: Epoch: [177][10/44]	Loss 0.013417 (0.014496)
2021-07-29 14:50:17,001:INFO: Epoch: [177][20/44]	Loss 0.013389 (0.013554)
2021-07-29 14:50:19,566:INFO: Epoch: [177][30/44]	Loss 0.011445 (0.012191)
2021-07-29 14:50:22,163:INFO: Epoch: [177][40/44]	Loss 0.010188 (0.011943)
2021-07-29 14:50:23,432:INFO: Epoch: [178][ 0/44]	Loss 0.013836 (0.013836)
2021-07-29 14:50:25,962:INFO: Epoch: [178][10/44]	Loss 0.012914 (0.013896)
2021-07-29 14:50:28,561:INFO: Epoch: [178][20/44]	Loss 0.012731 (0.013375)
2021-07-29 14:50:31,104:INFO: Epoch: [178][30/44]	Loss 0.012510 (0.012397)
2021-07-29 14:50:33,741:INFO: Epoch: [178][40/44]	Loss 0.011221 (0.012209)
2021-07-29 14:50:35,006:INFO: Epoch: [179][ 0/44]	Loss 0.014648 (0.014648)
2021-07-29 14:50:37,529:INFO: Epoch: [179][10/44]	Loss 0.016703 (0.014757)
2021-07-29 14:50:40,056:INFO: Epoch: [179][20/44]	Loss 0.016227 (0.014817)
2021-07-29 14:50:42,625:INFO: Epoch: [179][30/44]	Loss 0.013128 (0.014396)
2021-07-29 14:50:45,161:INFO: Epoch: [179][40/44]	Loss 0.012132 (0.014045)
2021-07-29 14:50:46,439:INFO: Epoch: [180][ 0/44]	Loss 0.015059 (0.015059)
2021-07-29 14:50:48,967:INFO: Epoch: [180][10/44]	Loss 0.014748 (0.015268)
2021-07-29 14:50:51,500:INFO: Epoch: [180][20/44]	Loss 0.013003 (0.014104)
2021-07-29 14:50:54,053:INFO: Epoch: [180][30/44]	Loss 0.011010 (0.012436)
2021-07-29 14:50:56,641:INFO: Epoch: [180][40/44]	Loss 0.010750 (0.012130)
2021-07-29 14:50:57,914:INFO: Epoch: [181][ 0/44]	Loss 0.012414 (0.012414)
2021-07-29 14:51:00,446:INFO: Epoch: [181][10/44]	Loss 0.012174 (0.013005)
2021-07-29 14:51:02,965:INFO: Epoch: [181][20/44]	Loss 0.011016 (0.012302)
2021-07-29 14:51:05,503:INFO: Epoch: [181][30/44]	Loss 0.010913 (0.011213)
2021-07-29 14:51:08,048:INFO: Epoch: [181][40/44]	Loss 0.010043 (0.011050)
2021-07-29 14:51:09,302:INFO: Epoch: [182][ 0/44]	Loss 0.012175 (0.012175)
2021-07-29 14:51:11,911:INFO: Epoch: [182][10/44]	Loss 0.013302 (0.013525)
2021-07-29 14:51:14,441:INFO: Epoch: [182][20/44]	Loss 0.011312 (0.012453)
2021-07-29 14:51:17,010:INFO: Epoch: [182][30/44]	Loss 0.009568 (0.011015)
2021-07-29 14:51:19,584:INFO: Epoch: [182][40/44]	Loss 0.009287 (0.010785)
2021-07-29 14:51:20,848:INFO: Epoch: [183][ 0/44]	Loss 0.010293 (0.010293)
2021-07-29 14:51:23,374:INFO: Epoch: [183][10/44]	Loss 0.012673 (0.011663)
2021-07-29 14:51:25,902:INFO: Epoch: [183][20/44]	Loss 0.009642 (0.010902)
2021-07-29 14:51:28,457:INFO: Epoch: [183][30/44]	Loss 0.009922 (0.009857)
2021-07-29 14:51:30,995:INFO: Epoch: [183][40/44]	Loss 0.008893 (0.009642)
2021-07-29 14:51:32,237:INFO: Epoch: [184][ 0/44]	Loss 0.008678 (0.008678)
2021-07-29 14:51:34,742:INFO: Epoch: [184][10/44]	Loss 0.010120 (0.010614)
2021-07-29 14:51:37,262:INFO: Epoch: [184][20/44]	Loss 0.009040 (0.010092)
2021-07-29 14:51:39,825:INFO: Epoch: [184][30/44]	Loss 0.008699 (0.009028)
2021-07-29 14:51:42,369:INFO: Epoch: [184][40/44]	Loss 0.007858 (0.008833)
2021-07-29 14:51:43,623:INFO: Epoch: [185][ 0/44]	Loss 0.010320 (0.010320)
2021-07-29 14:51:46,151:INFO: Epoch: [185][10/44]	Loss 0.010203 (0.010268)
2021-07-29 14:51:48,697:INFO: Epoch: [185][20/44]	Loss 0.009155 (0.009730)
2021-07-29 14:51:51,341:INFO: Epoch: [185][30/44]	Loss 0.007983 (0.008505)
2021-07-29 14:51:53,896:INFO: Epoch: [185][40/44]	Loss 0.006634 (0.008279)
2021-07-29 14:51:55,160:INFO: Epoch: [186][ 0/44]	Loss 0.008893 (0.008893)
2021-07-29 14:51:57,669:INFO: Epoch: [186][10/44]	Loss 0.009462 (0.009018)
2021-07-29 14:52:00,179:INFO: Epoch: [186][20/44]	Loss 0.008450 (0.008748)
2021-07-29 14:52:02,712:INFO: Epoch: [186][30/44]	Loss 0.007777 (0.007786)
2021-07-29 14:52:05,323:INFO: Epoch: [186][40/44]	Loss 0.006773 (0.007706)
2021-07-29 14:52:06,591:INFO: Epoch: [187][ 0/44]	Loss 0.008071 (0.008071)
2021-07-29 14:52:09,101:INFO: Epoch: [187][10/44]	Loss 0.008665 (0.008940)
2021-07-29 14:52:11,646:INFO: Epoch: [187][20/44]	Loss 0.007970 (0.008540)
2021-07-29 14:52:14,187:INFO: Epoch: [187][30/44]	Loss 0.006822 (0.007506)
2021-07-29 14:52:16,723:INFO: Epoch: [187][40/44]	Loss 0.006058 (0.007356)
2021-07-29 14:52:17,982:INFO: Epoch: [188][ 0/44]	Loss 0.007731 (0.007731)
2021-07-29 14:52:20,512:INFO: Epoch: [188][10/44]	Loss 0.007451 (0.008401)
2021-07-29 14:52:23,177:INFO: Epoch: [188][20/44]	Loss 0.007286 (0.007859)
2021-07-29 14:52:25,766:INFO: Epoch: [188][30/44]	Loss 0.006300 (0.006852)
2021-07-29 14:52:28,295:INFO: Epoch: [188][40/44]	Loss 0.005602 (0.006718)
2021-07-29 14:52:29,596:INFO: Epoch: [189][ 0/44]	Loss 0.007882 (0.007882)
2021-07-29 14:52:32,209:INFO: Epoch: [189][10/44]	Loss 0.007999 (0.007882)
2021-07-29 14:52:34,762:INFO: Epoch: [189][20/44]	Loss 0.006675 (0.007282)
2021-07-29 14:52:37,378:INFO: Epoch: [189][30/44]	Loss 0.005993 (0.006434)
2021-07-29 14:52:39,910:INFO: Epoch: [189][40/44]	Loss 0.005267 (0.006311)
2021-07-29 14:52:41,177:INFO: Epoch: [190][ 0/44]	Loss 0.007019 (0.007019)
2021-07-29 14:52:43,700:INFO: Epoch: [190][10/44]	Loss 0.006827 (0.007256)
2021-07-29 14:52:46,195:INFO: Epoch: [190][20/44]	Loss 0.006940 (0.007019)
2021-07-29 14:52:48,703:INFO: Epoch: [190][30/44]	Loss 0.005304 (0.006276)
2021-07-29 14:52:51,248:INFO: Epoch: [190][40/44]	Loss 0.005193 (0.006163)
2021-07-29 14:52:52,537:INFO: Epoch: [191][ 0/44]	Loss 0.006572 (0.006572)
2021-07-29 14:52:55,153:INFO: Epoch: [191][10/44]	Loss 0.006830 (0.006948)
2021-07-29 14:52:57,710:INFO: Epoch: [191][20/44]	Loss 0.006377 (0.006606)
2021-07-29 14:53:00,269:INFO: Epoch: [191][30/44]	Loss 0.005792 (0.006028)
2021-07-29 14:53:02,793:INFO: Epoch: [191][40/44]	Loss 0.005587 (0.006012)
2021-07-29 14:53:04,067:INFO: Epoch: [192][ 0/44]	Loss 0.007917 (0.007917)
2021-07-29 14:53:06,682:INFO: Epoch: [192][10/44]	Loss 0.008136 (0.007453)
2021-07-29 14:53:09,245:INFO: Epoch: [192][20/44]	Loss 0.006302 (0.006967)
2021-07-29 14:53:11,840:INFO: Epoch: [192][30/44]	Loss 0.005483 (0.005958)
2021-07-29 14:53:14,386:INFO: Epoch: [192][40/44]	Loss 0.005239 (0.005801)
2021-07-29 14:53:15,637:INFO: Epoch: [193][ 0/44]	Loss 0.005628 (0.005628)
2021-07-29 14:53:18,214:INFO: Epoch: [193][10/44]	Loss 0.007141 (0.007011)
2021-07-29 14:53:20,777:INFO: Epoch: [193][20/44]	Loss 0.005684 (0.006442)
2021-07-29 14:53:23,350:INFO: Epoch: [193][30/44]	Loss 0.005215 (0.005613)
2021-07-29 14:53:25,891:INFO: Epoch: [193][40/44]	Loss 0.005010 (0.005557)
2021-07-29 14:53:27,136:INFO: Epoch: [194][ 0/44]	Loss 0.005596 (0.005596)
2021-07-29 14:53:29,647:INFO: Epoch: [194][10/44]	Loss 0.007353 (0.006542)
2021-07-29 14:53:32,192:INFO: Epoch: [194][20/44]	Loss 0.005038 (0.005876)
2021-07-29 14:53:34,744:INFO: Epoch: [194][30/44]	Loss 0.004728 (0.005152)
2021-07-29 14:53:37,281:INFO: Epoch: [194][40/44]	Loss 0.004339 (0.005026)
2021-07-29 14:53:38,548:INFO: Epoch: [195][ 0/44]	Loss 0.006106 (0.006106)
2021-07-29 14:53:41,068:INFO: Epoch: [195][10/44]	Loss 0.007200 (0.006571)
2021-07-29 14:53:43,609:INFO: Epoch: [195][20/44]	Loss 0.006900 (0.006353)
2021-07-29 14:53:46,196:INFO: Epoch: [195][30/44]	Loss 0.005294 (0.005758)
2021-07-29 14:53:48,739:INFO: Epoch: [195][40/44]	Loss 0.005479 (0.005628)
2021-07-29 14:53:50,004:INFO: Epoch: [196][ 0/44]	Loss 0.008318 (0.008318)
2021-07-29 14:53:52,530:INFO: Epoch: [196][10/44]	Loss 0.009064 (0.008538)
2021-07-29 14:53:55,134:INFO: Epoch: [196][20/44]	Loss 0.006318 (0.007454)
2021-07-29 14:53:57,676:INFO: Epoch: [196][30/44]	Loss 0.005694 (0.006120)
2021-07-29 14:54:00,208:INFO: Epoch: [196][40/44]	Loss 0.004623 (0.005840)
2021-07-29 14:54:01,526:INFO: Epoch: [197][ 0/44]	Loss 0.005685 (0.005685)
2021-07-29 14:54:04,039:INFO: Epoch: [197][10/44]	Loss 0.007894 (0.006455)
2021-07-29 14:54:06,537:INFO: Epoch: [197][20/44]	Loss 0.005751 (0.006073)
2021-07-29 14:54:09,048:INFO: Epoch: [197][30/44]	Loss 0.004927 (0.005321)
2021-07-29 14:54:11,540:INFO: Epoch: [197][40/44]	Loss 0.004485 (0.005198)
2021-07-29 14:54:12,762:INFO: Epoch: [198][ 0/44]	Loss 0.004883 (0.004883)
2021-07-29 14:54:15,277:INFO: Epoch: [198][10/44]	Loss 0.006928 (0.006012)
2021-07-29 14:54:17,797:INFO: Epoch: [198][20/44]	Loss 0.004594 (0.005506)
2021-07-29 14:54:20,317:INFO: Epoch: [198][30/44]	Loss 0.003793 (0.004745)
2021-07-29 14:54:23,068:INFO: Epoch: [198][40/44]	Loss 0.003755 (0.004529)
2021-07-29 14:54:24,533:INFO: Epoch: [199][ 0/44]	Loss 0.005178 (0.005178)
2021-07-29 14:54:27,177:INFO: Epoch: [199][10/44]	Loss 0.006091 (0.005720)
2021-07-29 14:54:29,813:INFO: Epoch: [199][20/44]	Loss 0.005164 (0.005206)
2021-07-29 14:54:32,482:INFO: Epoch: [199][30/44]	Loss 0.004051 (0.004497)
2021-07-29 14:54:35,144:INFO: Epoch: [199][40/44]	Loss 0.003489 (0.004343)
2021-07-29 14:54:36,443:INFO: Epoch: [200][ 0/44]	Loss 0.004514 (0.004514)
2021-07-29 14:54:39,012:INFO: Epoch: [200][10/44]	Loss 0.005579 (0.005086)
2021-07-29 14:54:41,737:INFO: Epoch: [200][20/44]	Loss 0.004780 (0.004808)
2021-07-29 14:54:44,473:INFO: Epoch: [200][30/44]	Loss 0.003995 (0.004206)
2021-07-29 14:54:46,935:INFO: Epoch: [200][40/44]	Loss 0.003374 (0.004082)
2021-07-29 14:54:48,258:INFO: Epoch: [201][ 0/44]	Loss 0.003772 (0.003772)
2021-07-29 14:54:50,901:INFO: Epoch: [201][10/44]	Loss 0.004737 (0.004749)
2021-07-29 14:54:53,557:INFO: Epoch: [201][20/44]	Loss 0.004685 (0.004655)
2021-07-29 14:54:56,267:INFO: Epoch: [201][30/44]	Loss 0.003857 (0.004231)
2021-07-29 14:54:58,967:INFO: Epoch: [201][40/44]	Loss 0.003223 (0.004053)
2021-07-29 14:55:00,231:INFO: Epoch: [202][ 0/44]	Loss 0.004609 (0.004609)
2021-07-29 14:55:02,691:INFO: Epoch: [202][10/44]	Loss 0.005377 (0.005134)
2021-07-29 14:55:05,455:INFO: Epoch: [202][20/44]	Loss 0.004726 (0.004847)
2021-07-29 14:55:08,248:INFO: Epoch: [202][30/44]	Loss 0.003398 (0.004148)
2021-07-29 14:55:10,970:INFO: Epoch: [202][40/44]	Loss 0.003046 (0.004018)
2021-07-29 14:55:12,286:INFO: Epoch: [203][ 0/44]	Loss 0.004297 (0.004297)
2021-07-29 14:55:14,997:INFO: Epoch: [203][10/44]	Loss 0.004429 (0.004640)
2021-07-29 14:55:17,701:INFO: Epoch: [203][20/44]	Loss 0.003658 (0.004268)
2021-07-29 14:55:20,445:INFO: Epoch: [203][30/44]	Loss 0.003181 (0.003670)
2021-07-29 14:55:23,103:INFO: Epoch: [203][40/44]	Loss 0.002866 (0.003519)
2021-07-29 14:55:24,423:INFO: Epoch: [204][ 0/44]	Loss 0.003766 (0.003766)
2021-07-29 14:55:27,066:INFO: Epoch: [204][10/44]	Loss 0.004220 (0.004022)
2021-07-29 14:55:29,794:INFO: Epoch: [204][20/44]	Loss 0.003569 (0.003874)
2021-07-29 14:55:32,398:INFO: Epoch: [204][30/44]	Loss 0.002772 (0.003340)
2021-07-29 14:55:35,099:INFO: Epoch: [204][40/44]	Loss 0.002718 (0.003273)
2021-07-29 14:55:36,464:INFO: Epoch: [205][ 0/44]	Loss 0.003865 (0.003865)
2021-07-29 14:55:39,068:INFO: Epoch: [205][10/44]	Loss 0.003257 (0.003853)
2021-07-29 14:55:41,673:INFO: Epoch: [205][20/44]	Loss 0.017900 (0.010701)
2021-07-29 14:55:44,399:INFO: Epoch: [205][30/44]	Loss 0.010189 (0.013602)
2021-07-29 14:55:47,032:INFO: Epoch: [205][40/44]	Loss 0.008765 (0.012578)
2021-07-29 14:55:48,332:INFO: Epoch: [206][ 0/44]	Loss 0.010078 (0.010078)
2021-07-29 14:55:50,989:INFO: Epoch: [206][10/44]	Loss 0.008498 (0.009532)
2021-07-29 14:55:53,376:INFO: Epoch: [206][20/44]	Loss 0.009206 (0.009281)
2021-07-29 14:55:55,804:INFO: Epoch: [206][30/44]	Loss 0.006331 (0.007690)
2021-07-29 14:55:58,220:INFO: Epoch: [206][40/44]	Loss 0.005666 (0.007358)
2021-07-29 14:55:59,480:INFO: Epoch: [207][ 0/44]	Loss 0.006015 (0.006015)
2021-07-29 14:56:02,218:INFO: Epoch: [207][10/44]	Loss 0.006018 (0.005828)
2021-07-29 14:56:04,853:INFO: Epoch: [207][20/44]	Loss 0.005486 (0.005620)
2021-07-29 14:56:07,487:INFO: Epoch: [207][30/44]	Loss 0.004908 (0.005435)
2021-07-29 14:56:10,274:INFO: Epoch: [207][40/44]	Loss 0.004779 (0.005468)
2021-07-29 14:56:11,513:INFO: Epoch: [208][ 0/44]	Loss 0.007439 (0.007439)
2021-07-29 14:56:14,123:INFO: Epoch: [208][10/44]	Loss 0.005864 (0.006186)
2021-07-29 14:56:16,673:INFO: Epoch: [208][20/44]	Loss 0.005310 (0.005686)
2021-07-29 14:56:19,138:INFO: Epoch: [208][30/44]	Loss 0.004510 (0.004857)
2021-07-29 14:56:21,804:INFO: Epoch: [208][40/44]	Loss 0.003942 (0.004754)
2021-07-29 14:56:23,015:INFO: Epoch: [209][ 0/44]	Loss 0.007275 (0.007275)
2021-07-29 14:56:25,421:INFO: Epoch: [209][10/44]	Loss 0.006837 (0.006868)
2021-07-29 14:56:28,051:INFO: Epoch: [209][20/44]	Loss 0.006324 (0.006645)
2021-07-29 14:56:30,717:INFO: Epoch: [209][30/44]	Loss 0.004981 (0.005620)
2021-07-29 14:56:33,163:INFO: Epoch: [209][40/44]	Loss 0.005078 (0.005700)
2021-07-29 14:56:34,387:INFO: Epoch: [210][ 0/44]	Loss 0.006193 (0.006193)
2021-07-29 14:56:37,112:INFO: Epoch: [210][10/44]	Loss 0.005183 (0.005977)
2021-07-29 14:56:39,589:INFO: Epoch: [210][20/44]	Loss 0.006018 (0.006116)
2021-07-29 14:56:42,226:INFO: Epoch: [210][30/44]	Loss 0.004454 (0.005120)
2021-07-29 14:56:44,745:INFO: Epoch: [210][40/44]	Loss 0.003998 (0.005073)
2021-07-29 14:56:45,980:INFO: Epoch: [211][ 0/44]	Loss 0.006146 (0.006146)
2021-07-29 14:56:48,510:INFO: Epoch: [211][10/44]	Loss 0.004416 (0.005173)
2021-07-29 14:56:50,960:INFO: Epoch: [211][20/44]	Loss 0.004175 (0.004864)
2021-07-29 14:56:53,470:INFO: Epoch: [211][30/44]	Loss 0.003563 (0.004074)
2021-07-29 14:56:56,011:INFO: Epoch: [211][40/44]	Loss 0.003143 (0.003966)
2021-07-29 14:56:57,226:INFO: Epoch: [212][ 0/44]	Loss 0.004430 (0.004430)
2021-07-29 14:56:59,656:INFO: Epoch: [212][10/44]	Loss 0.003786 (0.004249)
2021-07-29 14:57:02,118:INFO: Epoch: [212][20/44]	Loss 0.004141 (0.004140)
2021-07-29 14:57:04,672:INFO: Epoch: [212][30/44]	Loss 0.003413 (0.003526)
2021-07-29 14:57:07,154:INFO: Epoch: [212][40/44]	Loss 0.002826 (0.003513)
2021-07-29 14:57:08,327:INFO: Epoch: [213][ 0/44]	Loss 0.003811 (0.003811)
2021-07-29 14:57:10,747:INFO: Epoch: [213][10/44]	Loss 0.003845 (0.003957)
2021-07-29 14:57:13,570:INFO: Epoch: [213][20/44]	Loss 0.004208 (0.003987)
2021-07-29 14:57:16,744:INFO: Epoch: [213][30/44]	Loss 0.003369 (0.003464)
2021-07-29 14:57:19,493:INFO: Epoch: [213][40/44]	Loss 0.003197 (0.003534)
2021-07-29 14:57:20,799:INFO: Epoch: [214][ 0/44]	Loss 0.003574 (0.003574)
2021-07-29 14:57:23,506:INFO: Epoch: [214][10/44]	Loss 0.003123 (0.003579)
2021-07-29 14:57:27,015:INFO: Epoch: [214][20/44]	Loss 0.004003 (0.003621)
2021-07-29 14:57:29,554:INFO: Epoch: [214][30/44]	Loss 0.002812 (0.003069)
2021-07-29 14:57:31,971:INFO: Epoch: [214][40/44]	Loss 0.002840 (0.003119)
2021-07-29 14:57:33,184:INFO: Epoch: [215][ 0/44]	Loss 0.003504 (0.003504)
2021-07-29 14:57:35,618:INFO: Epoch: [215][10/44]	Loss 0.003137 (0.003629)
2021-07-29 14:57:38,067:INFO: Epoch: [215][20/44]	Loss 0.003735 (0.003555)
2021-07-29 14:57:40,518:INFO: Epoch: [215][30/44]	Loss 0.002990 (0.003006)
2021-07-29 14:57:42,930:INFO: Epoch: [215][40/44]	Loss 0.002613 (0.003049)
2021-07-29 14:57:44,179:INFO: Epoch: [216][ 0/44]	Loss 0.003128 (0.003128)
2021-07-29 14:57:46,623:INFO: Epoch: [216][10/44]	Loss 0.003414 (0.003182)
2021-07-29 14:57:49,041:INFO: Epoch: [216][20/44]	Loss 0.003570 (0.003291)
2021-07-29 14:57:51,842:INFO: Epoch: [216][30/44]	Loss 0.003067 (0.002792)
2021-07-29 14:57:54,267:INFO: Epoch: [216][40/44]	Loss 0.002511 (0.002845)
2021-07-29 14:57:55,468:INFO: Epoch: [217][ 0/44]	Loss 0.002849 (0.002849)
2021-07-29 14:57:57,868:INFO: Epoch: [217][10/44]	Loss 0.003186 (0.003026)
2021-07-29 14:58:00,275:INFO: Epoch: [217][20/44]	Loss 0.003639 (0.003157)
2021-07-29 14:58:02,718:INFO: Epoch: [217][30/44]	Loss 0.002523 (0.002691)
2021-07-29 14:58:05,108:INFO: Epoch: [217][40/44]	Loss 0.002118 (0.002723)
2021-07-29 14:58:06,309:INFO: Epoch: [218][ 0/44]	Loss 0.002674 (0.002674)
2021-07-29 14:58:08,747:INFO: Epoch: [218][10/44]	Loss 0.002561 (0.002917)
2021-07-29 14:58:11,162:INFO: Epoch: [218][20/44]	Loss 0.003377 (0.003123)
2021-07-29 14:58:13,829:INFO: Epoch: [218][30/44]	Loss 0.002938 (0.002691)
2021-07-29 14:58:16,381:INFO: Epoch: [218][40/44]	Loss 0.002446 (0.002779)
2021-07-29 14:58:17,643:INFO: Epoch: [219][ 0/44]	Loss 0.002479 (0.002479)
2021-07-29 14:58:20,203:INFO: Epoch: [219][10/44]	Loss 0.002423 (0.002818)
2021-07-29 14:58:22,801:INFO: Epoch: [219][20/44]	Loss 0.003711 (0.003132)
2021-07-29 14:58:25,414:INFO: Epoch: [219][30/44]	Loss 0.002504 (0.002618)
2021-07-29 14:58:27,997:INFO: Epoch: [219][40/44]	Loss 0.002204 (0.002710)
2021-07-29 14:58:29,239:INFO: Epoch: [220][ 0/44]	Loss 0.005143 (0.005143)
2021-07-29 14:58:31,684:INFO: Epoch: [220][10/44]	Loss 0.006412 (0.007085)
2021-07-29 14:58:34,145:INFO: Epoch: [220][20/44]	Loss 0.007464 (0.007176)
2021-07-29 14:58:36,638:INFO: Epoch: [220][30/44]	Loss 0.005555 (0.005652)
2021-07-29 14:58:39,111:INFO: Epoch: [220][40/44]	Loss 0.003893 (0.005314)
2021-07-29 14:58:40,329:INFO: Epoch: [221][ 0/44]	Loss 0.003796 (0.003796)
2021-07-29 14:58:42,661:INFO: Epoch: [221][10/44]	Loss 0.003362 (0.003368)
2021-07-29 14:58:45,052:INFO: Epoch: [221][20/44]	Loss 0.003201 (0.003222)
2021-07-29 14:58:47,448:INFO: Epoch: [221][30/44]	Loss 0.002571 (0.002610)
2021-07-29 14:58:49,872:INFO: Epoch: [221][40/44]	Loss 0.001866 (0.002568)
2021-07-29 14:58:51,099:INFO: Epoch: [222][ 0/44]	Loss 0.002222 (0.002222)
2021-07-29 14:58:53,542:INFO: Epoch: [222][10/44]	Loss 0.002566 (0.002837)
2021-07-29 14:58:55,991:INFO: Epoch: [222][20/44]	Loss 0.003713 (0.003222)
2021-07-29 14:58:58,477:INFO: Epoch: [222][30/44]	Loss 0.002878 (0.002545)
2021-07-29 14:59:00,940:INFO: Epoch: [222][40/44]	Loss 0.005906 (0.004086)
2021-07-29 14:59:02,168:INFO: Epoch: [223][ 0/44]	Loss 0.005415 (0.005415)
2021-07-29 14:59:04,607:INFO: Epoch: [223][10/44]	Loss 0.003715 (0.004348)
2021-07-29 14:59:07,091:INFO: Epoch: [223][20/44]	Loss 0.003518 (0.003923)
2021-07-29 14:59:09,594:INFO: Epoch: [223][30/44]	Loss 0.002539 (0.003025)
2021-07-29 14:59:12,014:INFO: Epoch: [223][40/44]	Loss 0.002260 (0.002905)
2021-07-29 14:59:13,201:INFO: Epoch: [224][ 0/44]	Loss 0.002985 (0.002985)
2021-07-29 14:59:15,584:INFO: Epoch: [224][10/44]	Loss 0.003318 (0.003245)
2021-07-29 14:59:17,999:INFO: Epoch: [224][20/44]	Loss 0.004931 (0.003888)
2021-07-29 14:59:20,418:INFO: Epoch: [224][30/44]	Loss 0.003003 (0.003160)
2021-07-29 14:59:22,843:INFO: Epoch: [224][40/44]	Loss 0.002803 (0.003437)
2021-07-29 14:59:24,074:INFO: Epoch: [225][ 0/44]	Loss 0.002880 (0.002880)
2021-07-29 14:59:26,491:INFO: Epoch: [225][10/44]	Loss 0.003470 (0.003280)
2021-07-29 14:59:28,919:INFO: Epoch: [225][20/44]	Loss 0.004303 (0.003873)
2021-07-29 14:59:31,378:INFO: Epoch: [225][30/44]	Loss 0.002980 (0.003087)
2021-07-29 14:59:33,778:INFO: Epoch: [225][40/44]	Loss 0.002614 (0.003190)
2021-07-29 14:59:35,028:INFO: Epoch: [226][ 0/44]	Loss 0.002717 (0.002717)
2021-07-29 14:59:37,579:INFO: Epoch: [226][10/44]	Loss 0.003038 (0.003031)
2021-07-29 14:59:40,091:INFO: Epoch: [226][20/44]	Loss 0.003530 (0.003444)
2021-07-29 14:59:42,691:INFO: Epoch: [226][30/44]	Loss 0.002408 (0.002692)
2021-07-29 14:59:45,297:INFO: Epoch: [226][40/44]	Loss 0.002331 (0.002853)
2021-07-29 14:59:46,548:INFO: Epoch: [227][ 0/44]	Loss 0.002873 (0.002873)
2021-07-29 14:59:48,989:INFO: Epoch: [227][10/44]	Loss 0.002299 (0.002916)
2021-07-29 14:59:51,485:INFO: Epoch: [227][20/44]	Loss 0.002994 (0.003010)
2021-07-29 14:59:53,997:INFO: Epoch: [227][30/44]	Loss 0.002149 (0.002308)
2021-07-29 14:59:56,541:INFO: Epoch: [227][40/44]	Loss 0.001855 (0.002439)
2021-07-29 14:59:57,833:INFO: Epoch: [228][ 0/44]	Loss 0.002257 (0.002257)
2021-07-29 15:00:00,441:INFO: Epoch: [228][10/44]	Loss 0.002150 (0.002339)
2021-07-29 15:00:03,082:INFO: Epoch: [228][20/44]	Loss 0.002493 (0.002602)
2021-07-29 15:00:05,666:INFO: Epoch: [228][30/44]	Loss 0.002028 (0.002088)
2021-07-29 15:00:08,140:INFO: Epoch: [228][40/44]	Loss 0.001668 (0.002262)
2021-07-29 15:00:09,381:INFO: Epoch: [229][ 0/44]	Loss 0.002136 (0.002136)
2021-07-29 15:00:11,857:INFO: Epoch: [229][10/44]	Loss 0.002346 (0.002433)
2021-07-29 15:00:14,360:INFO: Epoch: [229][20/44]	Loss 0.003326 (0.002828)
2021-07-29 15:00:16,994:INFO: Epoch: [229][30/44]	Loss 0.002149 (0.002265)
2021-07-29 15:00:19,531:INFO: Epoch: [229][40/44]	Loss 0.001655 (0.002417)
2021-07-29 15:00:20,809:INFO: Epoch: [230][ 0/44]	Loss 0.001899 (0.001899)
2021-07-29 15:00:23,313:INFO: Epoch: [230][10/44]	Loss 0.002291 (0.002391)
2021-07-29 15:00:25,806:INFO: Epoch: [230][20/44]	Loss 0.003105 (0.002765)
2021-07-29 15:00:28,417:INFO: Epoch: [230][30/44]	Loss 0.001806 (0.002126)
2021-07-29 15:00:31,097:INFO: Epoch: [230][40/44]	Loss 0.001677 (0.002257)
2021-07-29 15:00:32,364:INFO: Epoch: [231][ 0/44]	Loss 0.001936 (0.001936)
2021-07-29 15:00:34,868:INFO: Epoch: [231][10/44]	Loss 0.001957 (0.002197)
2021-07-29 15:00:37,420:INFO: Epoch: [231][20/44]	Loss 0.003022 (0.002587)
2021-07-29 15:00:39,896:INFO: Epoch: [231][30/44]	Loss 0.001783 (0.002061)
2021-07-29 15:00:42,361:INFO: Epoch: [231][40/44]	Loss 0.001366 (0.002159)
2021-07-29 15:00:43,601:INFO: Epoch: [232][ 0/44]	Loss 0.002075 (0.002075)
2021-07-29 15:00:46,014:INFO: Epoch: [232][10/44]	Loss 0.002009 (0.002186)
2021-07-29 15:00:48,412:INFO: Epoch: [232][20/44]	Loss 0.002966 (0.002479)
2021-07-29 15:00:50,848:INFO: Epoch: [232][30/44]	Loss 0.001871 (0.001982)
2021-07-29 15:00:53,265:INFO: Epoch: [232][40/44]	Loss 0.001379 (0.002083)
2021-07-29 15:00:54,479:INFO: Epoch: [233][ 0/44]	Loss 0.001599 (0.001599)
2021-07-29 15:00:56,866:INFO: Epoch: [233][10/44]	Loss 0.001836 (0.002001)
2021-07-29 15:00:59,272:INFO: Epoch: [233][20/44]	Loss 0.002849 (0.002453)
2021-07-29 15:01:01,726:INFO: Epoch: [233][30/44]	Loss 0.001861 (0.001976)
2021-07-29 15:01:04,146:INFO: Epoch: [233][40/44]	Loss 0.001391 (0.002061)
2021-07-29 15:01:05,378:INFO: Epoch: [234][ 0/44]	Loss 0.001642 (0.001642)
2021-07-29 15:01:07,792:INFO: Epoch: [234][10/44]	Loss 0.001897 (0.002090)
2021-07-29 15:01:10,218:INFO: Epoch: [234][20/44]	Loss 0.003044 (0.002564)
2021-07-29 15:01:12,642:INFO: Epoch: [234][30/44]	Loss 0.001922 (0.002019)
2021-07-29 15:01:15,055:INFO: Epoch: [234][40/44]	Loss 0.001203 (0.002099)
2021-07-29 15:01:16,279:INFO: Epoch: [235][ 0/44]	Loss 0.001735 (0.001735)
2021-07-29 15:01:18,673:INFO: Epoch: [235][10/44]	Loss 0.001770 (0.002059)
2021-07-29 15:01:21,083:INFO: Epoch: [235][20/44]	Loss 0.002744 (0.002482)
2021-07-29 15:01:23,520:INFO: Epoch: [235][30/44]	Loss 0.001713 (0.001945)
2021-07-29 15:01:25,936:INFO: Epoch: [235][40/44]	Loss 0.001114 (0.002011)
2021-07-29 15:01:27,156:INFO: Epoch: [236][ 0/44]	Loss 0.001441 (0.001441)
2021-07-29 15:01:29,574:INFO: Epoch: [236][10/44]	Loss 0.001368 (0.001807)
2021-07-29 15:01:31,980:INFO: Epoch: [236][20/44]	Loss 0.002404 (0.002142)
2021-07-29 15:01:34,393:INFO: Epoch: [236][30/44]	Loss 0.001642 (0.001711)
2021-07-29 15:01:36,793:INFO: Epoch: [236][40/44]	Loss 0.001064 (0.001824)
2021-07-29 15:01:38,008:INFO: Epoch: [237][ 0/44]	Loss 0.001392 (0.001392)
2021-07-29 15:01:40,407:INFO: Epoch: [237][10/44]	Loss 0.001569 (0.001977)
2021-07-29 15:01:42,800:INFO: Epoch: [237][20/44]	Loss 0.002876 (0.002517)
2021-07-29 15:01:45,248:INFO: Epoch: [237][30/44]	Loss 0.001843 (0.002031)
2021-07-29 15:01:47,593:INFO: Epoch: [237][40/44]	Loss 0.001067 (0.002077)
2021-07-29 15:01:48,813:INFO: Epoch: [238][ 0/44]	Loss 0.001347 (0.001347)
2021-07-29 15:01:51,271:INFO: Epoch: [238][10/44]	Loss 0.001537 (0.001913)
2021-07-29 15:01:53,732:INFO: Epoch: [238][20/44]	Loss 0.002747 (0.002471)
2021-07-29 15:01:56,228:INFO: Epoch: [238][30/44]	Loss 0.001821 (0.001982)
2021-07-29 15:01:58,707:INFO: Epoch: [238][40/44]	Loss 0.001169 (0.002054)
2021-07-29 15:01:59,933:INFO: Epoch: [239][ 0/44]	Loss 0.001331 (0.001331)
2021-07-29 15:02:02,333:INFO: Epoch: [239][10/44]	Loss 0.001711 (0.001888)
2021-07-29 15:02:04,767:INFO: Epoch: [239][20/44]	Loss 0.002477 (0.002301)
2021-07-29 15:02:07,293:INFO: Epoch: [239][30/44]	Loss 0.001687 (0.001851)
2021-07-29 15:02:09,700:INFO: Epoch: [239][40/44]	Loss 0.001150 (0.001914)
2021-07-29 15:02:10,899:INFO: Epoch: [240][ 0/44]	Loss 0.001221 (0.001221)
2021-07-29 15:02:13,280:INFO: Epoch: [240][10/44]	Loss 0.001608 (0.002008)
2021-07-29 15:02:15,646:INFO: Epoch: [240][20/44]	Loss 0.002518 (0.002578)
2021-07-29 15:02:18,038:INFO: Epoch: [240][30/44]	Loss 0.001937 (0.002043)
2021-07-29 15:02:20,423:INFO: Epoch: [240][40/44]	Loss 0.001062 (0.002081)
2021-07-29 15:02:21,718:INFO: Epoch: [241][ 0/44]	Loss 0.001372 (0.001372)
2021-07-29 15:02:24,520:INFO: Epoch: [241][10/44]	Loss 0.001686 (0.002042)
2021-07-29 15:02:27,557:INFO: Epoch: [241][20/44]	Loss 0.002761 (0.002601)
2021-07-29 15:02:30,678:INFO: Epoch: [241][30/44]	Loss 0.001908 (0.002038)
2021-07-29 15:02:33,233:INFO: Epoch: [241][40/44]	Loss 0.001113 (0.002072)
2021-07-29 15:02:34,475:INFO: Epoch: [242][ 0/44]	Loss 0.001327 (0.001327)
2021-07-29 15:02:37,152:INFO: Epoch: [242][10/44]	Loss 0.001424 (0.001882)
2021-07-29 15:02:39,716:INFO: Epoch: [242][20/44]	Loss 0.002433 (0.002431)
2021-07-29 15:02:42,289:INFO: Epoch: [242][30/44]	Loss 0.001809 (0.001847)
2021-07-29 15:02:44,946:INFO: Epoch: [242][40/44]	Loss 0.001039 (0.001948)
2021-07-29 15:02:46,251:INFO: Epoch: [243][ 0/44]	Loss 0.002202 (0.002202)
2021-07-29 15:02:48,795:INFO: Epoch: [243][10/44]	Loss 0.005568 (0.006601)
2021-07-29 15:02:51,342:INFO: Epoch: [243][20/44]	Loss 0.005412 (0.006469)
2021-07-29 15:02:53,865:INFO: Epoch: [243][30/44]	Loss 0.004034 (0.004744)
2021-07-29 15:02:56,364:INFO: Epoch: [243][40/44]	Loss 0.002725 (0.004744)
2021-07-29 15:02:57,637:INFO: Epoch: [244][ 0/44]	Loss 0.002284 (0.002284)
2021-07-29 15:03:00,128:INFO: Epoch: [244][10/44]	Loss 0.003451 (0.003653)
2021-07-29 15:03:02,670:INFO: Epoch: [244][20/44]	Loss 0.005511 (0.004771)
2021-07-29 15:03:05,138:INFO: Epoch: [244][30/44]	Loss 0.003841 (0.003586)
2021-07-29 15:03:07,731:INFO: Epoch: [244][40/44]	Loss 0.001863 (0.004055)
2021-07-29 15:03:09,009:INFO: Epoch: [245][ 0/44]	Loss 0.002054 (0.002054)
2021-07-29 15:03:11,542:INFO: Epoch: [245][10/44]	Loss 0.003381 (0.003486)
2021-07-29 15:03:14,062:INFO: Epoch: [245][20/44]	Loss 0.006109 (0.004777)
2021-07-29 15:03:16,617:INFO: Epoch: [245][30/44]	Loss 0.003247 (0.003652)
2021-07-29 15:03:19,114:INFO: Epoch: [245][40/44]	Loss 0.002228 (0.004148)
2021-07-29 15:03:20,372:INFO: Epoch: [246][ 0/44]	Loss 0.002070 (0.002070)
2021-07-29 15:03:22,855:INFO: Epoch: [246][10/44]	Loss 0.002760 (0.002985)
2021-07-29 15:03:25,641:INFO: Epoch: [246][20/44]	Loss 0.003007 (0.003473)
2021-07-29 15:03:28,507:INFO: Epoch: [246][30/44]	Loss 0.002310 (0.002587)
2021-07-29 15:03:31,364:INFO: Epoch: [246][40/44]	Loss 0.002030 (0.002994)
2021-07-29 15:03:32,718:INFO: Epoch: [247][ 0/44]	Loss 0.002078 (0.002078)
2021-07-29 15:03:35,526:INFO: Epoch: [247][10/44]	Loss 0.002227 (0.002422)
2021-07-29 15:03:38,361:INFO: Epoch: [247][20/44]	Loss 0.002630 (0.002762)
2021-07-29 15:03:40,960:INFO: Epoch: [247][30/44]	Loss 0.001911 (0.002230)
2021-07-29 15:03:43,454:INFO: Epoch: [247][40/44]	Loss 0.001836 (0.002522)
2021-07-29 15:03:44,746:INFO: Epoch: [248][ 0/44]	Loss 0.001917 (0.001917)
2021-07-29 15:03:47,556:INFO: Epoch: [248][10/44]	Loss 0.002041 (0.001986)
2021-07-29 15:03:50,094:INFO: Epoch: [248][20/44]	Loss 0.002164 (0.002156)
2021-07-29 15:03:52,638:INFO: Epoch: [248][30/44]	Loss 0.001547 (0.001867)
2021-07-29 15:03:55,219:INFO: Epoch: [248][40/44]	Loss 0.001522 (0.002012)
2021-07-29 15:03:56,448:INFO: Epoch: [249][ 0/44]	Loss 0.001731 (0.001731)
2021-07-29 15:03:58,938:INFO: Epoch: [249][10/44]	Loss 0.001794 (0.001784)
2021-07-29 15:04:01,429:INFO: Epoch: [249][20/44]	Loss 0.002099 (0.001968)
2021-07-29 15:04:03,942:INFO: Epoch: [249][30/44]	Loss 0.001598 (0.001719)
2021-07-29 15:04:06,489:INFO: Epoch: [249][40/44]	Loss 0.001320 (0.001849)
2021-07-29 15:04:12,559:INFO: Epoch: [250][ 0/44]	Loss 6.316959 (6.316959)
2021-07-29 15:05:09,606:INFO: Epoch: [250][10/44]	Loss 4.197070 (7.553884)
2021-07-29 15:06:01,838:INFO: Epoch: [250][20/44]	Loss 0.714786 (4.141944)
2021-07-29 15:06:58,679:INFO: Epoch: [250][30/44]	Loss 1.172876 (2.433757)
2021-07-29 15:07:51,305:INFO: Epoch: [250][40/44]	Loss 1.841402 (2.307125)
2021-07-29 15:08:05,326:INFO: Test: [0/2]	ADE 1.207295 (1.207295)	FDE 2.211979 (2.211979)
2021-07-29 15:08:05,432:INFO:  * ADE  1.207 FDE  2.238
2021-07-29 15:08:05,477:INFO: -------------- lower ade ----------------
2021-07-29 15:08:10,651:INFO: Epoch: [251][ 0/44]	Loss 4.809176 (4.809176)
2021-07-29 15:09:02,106:INFO: Epoch: [251][10/44]	Loss 0.825025 (2.749185)
2021-07-29 15:09:53,929:INFO: Epoch: [251][20/44]	Loss 0.360511 (1.597821)
2021-07-29 15:10:46,013:INFO: Epoch: [251][30/44]	Loss 1.030689 (1.463925)
2021-07-29 15:11:37,993:INFO: Epoch: [251][40/44]	Loss 1.567152 (1.581999)
2021-07-29 15:11:51,971:INFO: Test: [0/2]	ADE 1.159426 (1.159426)	FDE 2.166213 (2.166213)
2021-07-29 15:11:52,075:INFO:  * ADE  1.141 FDE  2.132
2021-07-29 15:11:52,083:INFO: -------------- lower ade ----------------
2021-07-29 15:11:57,239:INFO: Epoch: [252][ 0/44]	Loss 3.002932 (3.002932)
2021-07-29 15:12:47,864:INFO: Epoch: [252][10/44]	Loss 1.032768 (1.633718)
2021-07-29 15:13:39,927:INFO: Epoch: [252][20/44]	Loss 0.307051 (1.118356)
2021-07-29 15:14:33,919:INFO: Epoch: [252][30/44]	Loss 0.971229 (1.096513)
2021-07-29 15:15:28,077:INFO: Epoch: [252][40/44]	Loss 1.442646 (1.287245)
2021-07-29 15:15:42,388:INFO: Test: [0/2]	ADE 1.286763 (1.286763)	FDE 2.448884 (2.448884)
2021-07-29 15:15:42,507:INFO:  * ADE  1.258 FDE  2.388
2021-07-29 15:15:47,629:INFO: Epoch: [253][ 0/44]	Loss 0.807257 (0.807257)
2021-07-29 15:16:39,458:INFO: Epoch: [253][10/44]	Loss 0.521519 (0.905304)
